{"/home/oscles/Desktop/testing-workshop/client/src/app.js": {"path":"/home/oscles/Desktop/testing-workshop/client/src/app.js","statementMap":{"0":{"start":{"line":12,"column":15},"end":{"line":18,"column":2}},"1":{"start":{"line":19,"column":23},"end":{"line":34,"column":2}},"2":{"start":{"line":36,"column":14},"end":{"line":41,"column":2}},"3":{"start":{"line":43,"column":23},"end":{"line":45,"column":2}},"4":{"start":{"line":47,"column":17},"end":{"line":52,"column":2}},"5":{"start":{"line":53,"column":19},"end":{"line":65,"column":2}},"6":{"start":{"line":66,"column":26},"end":{"line":75,"column":2}},"7":{"start":{"line":76,"column":16},"end":{"line":87,"column":2}},"8":{"start":{"line":89,"column":19},"end":{"line":105,"column":2}},"9":{"start":{"line":107,"column":21},"end":{"line":111,"column":2}},"10":{"start":{"line":113,"column":20},"end":{"line":122,"column":1}},"11":{"start":{"line":114,"column":2},"end":{"line":121,"column":22}},"12":{"start":{"line":125,"column":2},"end":{"line":207,"column":3}},"13":{"start":{"line":128,"column":8},"end":{"line":204,"column":9}},"14":{"start":{"line":185,"column":35},"end":{"line":185,"column":68}},"15":{"start":{"line":192,"column":20},"end":{"line":192,"column":75}},"16":{"start":{"line":198,"column":20},"end":{"line":198,"column":78}}},"fnMap":{"0":{"name":"(anonymous_0)","decl":{"start":{"line":113,"column":20},"end":{"line":113,"column":21}},"loc":{"start":{"line":114,"column":2},"end":{"line":121,"column":22}},"line":114},"1":{"name":"App","decl":{"start":{"line":124,"column":9},"end":{"line":124,"column":12}},"loc":{"start":{"line":124,"column":15},"end":{"line":208,"column":1}},"line":124},"2":{"name":"(anonymous_2)","decl":{"start":{"line":127,"column":7},"end":{"line":127,"column":8}},"loc":{"start":{"line":128,"column":8},"end":{"line":204,"column":9}},"line":128},"3":{"name":"(anonymous_3)","decl":{"start":{"line":185,"column":26},"end":{"line":185,"column":27}},"loc":{"start":{"line":185,"column":35},"end":{"line":185,"column":68}},"line":185},"4":{"name":"(anonymous_4)","decl":{"start":{"line":191,"column":26},"end":{"line":191,"column":27}},"loc":{"start":{"line":192,"column":20},"end":{"line":192,"column":75}},"line":192},"5":{"name":"(anonymous_5)","decl":{"start":{"line":197,"column":26},"end":{"line":197,"column":27}},"loc":{"start":{"line":198,"column":20},"end":{"line":198,"column":78}},"line":198}},"branchMap":{"0":{"loc":{"start":{"line":128,"column":8},"end":{"line":204,"column":9}},"type":"cond-expr","locations":[{"start":{"line":129,"column":10},"end":{"line":129,"column":21}},{"start":{"line":131,"column":10},"end":{"line":203,"column":19}}],"line":128},"1":{"loc":{"start":{"line":133,"column":15},"end":{"line":135,"column":22}},"type":"cond-expr","locations":[{"start":{"line":134,"column":16},"end":{"line":134,"column":68}},{"start":{"line":135,"column":18},"end":{"line":135,"column":22}}],"line":133},"2":{"loc":{"start":{"line":155,"column":19},"end":{"line":176,"column":19}},"type":"cond-expr","locations":[{"start":{"line":156,"column":20},"end":{"line":166,"column":26}},{"start":{"line":168,"column":20},"end":{"line":175,"column":26}}],"line":155},"3":{"loc":{"start":{"line":182,"column":15},"end":{"line":187,"column":22}},"type":"cond-expr","locations":[{"start":{"line":183,"column":16},"end":{"line":186,"column":18}},{"start":{"line":187,"column":18},"end":{"line":187,"column":22}}],"line":182},"4":{"loc":{"start":{"line":192,"column":20},"end":{"line":192,"column":75}},"type":"cond-expr","locations":[{"start":{"line":192,"column":27},"end":{"line":192,"column":46}},{"start":{"line":192,"column":49},"end":{"line":192,"column":75}}],"line":192},"5":{"loc":{"start":{"line":198,"column":20},"end":{"line":198,"column":78}},"type":"cond-expr","locations":[{"start":{"line":198,"column":27},"end":{"line":198,"column":46}},{"start":{"line":198,"column":49},"end":{"line":198,"column":78}}],"line":198}},"s":{"0":4,"1":4,"2":4,"3":4,"4":4,"5":4,"6":4,"7":4,"8":4,"9":4,"10":4,"11":16,"12":4,"13":16,"14":1,"15":2,"16":2},"f":{"0":16,"1":4,"2":16,"3":1,"4":2,"5":2},"b":{"0":[6,10],"1":[0,10],"2":[4,6],"3":[4,6],"4":[1,1],"5":[1,1]},"_coverageSchema":"332fd63041d2c1bcb487cc26dd0d5f7d97098a6c","hash":"acd7dd8d2e0fe550730cef77b90f719edff0de85"}
,"/home/oscles/Desktop/testing-workshop/client/src/index.js": {"path":"/home/oscles/Desktop/testing-workshop/client/src/index.js","statementMap":{"0":{"start":{"line":1,"column":32},"end":{"line":1,"column":91}},"1":{"start":{"line":1,"column":105},"end":{"line":1,"column":121}},"2":{"start":{"line":1,"column":136},"end":{"line":1,"column":166}},"3":{"start":{"line":2,"column":16},"end":{"line":2,"column":36}},"4":{"start":{"line":2,"column":54},"end":{"line":2,"column":87}},"5":{"start":{"line":3,"column":11},"end":{"line":3,"column":27}},"6":{"start":{"line":3,"column":40},"end":{"line":3,"column":68}},"7":{"start":{"line":4,"column":11},"end":{"line":4,"column":33}},"8":{"start":{"line":6,"column":0},"end":{"line":6,"column":23}},"9":{"start":{"line":6,"column":61},"end":{"line":6,"column":115}},"10":{"start":{"line":8,"column":0},"end":{"line":12,"column":1}},"11":{"start":{"line":9,"column":2},"end":{"line":9,"column":68}},"12":{"start":{"line":11,"column":2},"end":{"line":11,"column":19}},"13":{"start":{"line":14,"column":0},"end":{"line":14,"column":180}}},"fnMap":{"0":{"name":"_interopRequireDefault","decl":{"start":{"line":6,"column":32},"end":{"line":6,"column":54}},"loc":{"start":{"line":6,"column":60},"end":{"line":6,"column":116}},"line":6}},"branchMap":{"0":{"loc":{"start":{"line":6,"column":68},"end":{"line":6,"column":114}},"type":"cond-expr","locations":[{"start":{"line":6,"column":92},"end":{"line":6,"column":95}},{"start":{"line":6,"column":98},"end":{"line":6,"column":114}}],"line":6},"1":{"loc":{"start":{"line":6,"column":68},"end":{"line":6,"column":89}},"type":"binary-expr","locations":[{"start":{"line":6,"column":68},"end":{"line":6,"column":71}},{"start":{"line":6,"column":75},"end":{"line":6,"column":89}}],"line":6},"2":{"loc":{"start":{"line":8,"column":0},"end":{"line":12,"column":1}},"type":"if","locations":[{"start":{"line":8,"column":0},"end":{"line":12,"column":1}},{"start":{"line":8,"column":0},"end":{"line":12,"column":1}}],"line":8}},"s":{"0":0,"1":0,"2":0,"3":0,"4":0,"5":0,"6":0,"7":0,"8":0,"9":0,"10":0,"11":0,"12":0,"13":0},"f":{"0":0},"b":{"0":[0,0],"1":[0,0],"2":[0,0]}}
,"/home/oscles/Desktop/testing-workshop/client/src/components/form.js": {"path":"/home/oscles/Desktop/testing-workshop/client/src/components/form.js","statementMap":{"0":{"start":{"line":5,"column":19},"end":{"line":5,"column":22}},"1":{"start":{"line":6,"column":16},"end":{"line":6,"column":18}},"2":{"start":{"line":8,"column":19},"end":{"line":20,"column":2}},"3":{"start":{"line":22,"column":23},"end":{"line":31,"column":2}},"4":{"start":{"line":34,"column":2},"end":{"line":43,"column":3}}},"fnMap":{"0":{"name":"Form","decl":{"start":{"line":33,"column":9},"end":{"line":33,"column":13}},"loc":{"start":{"line":33,"column":36},"end":{"line":44,"column":1}},"line":33}},"branchMap":{},"s":{"0":13,"1":13,"2":13,"3":13,"4":15},"f":{"0":15},"b":{},"_coverageSchema":"332fd63041d2c1bcb487cc26dd0d5f7d97098a6c","hash":"8193e957cc022577dd890a40cec5674d4931672f"}
,"/home/oscles/Desktop/testing-workshop/client/src/components/inputs.js": {"path":"/home/oscles/Desktop/testing-workshop/client/src/components/inputs.js","statementMap":{"0":{"start":{"line":3,"column":14},"end":{"line":17,"column":2}},"1":{"start":{"line":19,"column":17},"end":{"line":35,"column":2}},"2":{"start":{"line":37,"column":15},"end":{"line":53,"column":2}}},"fnMap":{},"branchMap":{},"s":{"0":13,"1":13,"2":13},"f":{},"b":{},"_coverageSchema":"332fd63041d2c1bcb487cc26dd0d5f7d97098a6c","hash":"9da6b8d7a2d899f09a2dff62d7d011f94287b66a"}
,"/home/oscles/Desktop/testing-workshop/client/src/components/loading.js": {"path":"/home/oscles/Desktop/testing-workshop/client/src/components/loading.js","statementMap":{"0":{"start":{"line":5,"column":15},"end":{"line":14,"column":2}},"1":{"start":{"line":16,"column":25},"end":{"line":18,"column":1}},"2":{"start":{"line":20,"column":25},"end":{"line":36,"column":1}},"3":{"start":{"line":39,"column":2},"end":{"line":39,"column":53}}},"fnMap":{"0":{"name":"Loading","decl":{"start":{"line":38,"column":9},"end":{"line":38,"column":16}},"loc":{"start":{"line":38,"column":19},"end":{"line":40,"column":1}},"line":38}},"branchMap":{},"s":{"0":4,"1":4,"2":4,"3":13},"f":{"0":13},"b":{},"_coverageSchema":"332fd63041d2c1bcb487cc26dd0d5f7d97098a6c","hash":"1acc2c9551117ceadc08a3a02a1add5ae521a034"}
,"/home/oscles/Desktop/testing-workshop/client/src/components/login.js": {"path":"/home/oscles/Desktop/testing-workshop/client/src/components/login.js","statementMap":{"0":{"start":{"line":6,"column":2},"end":{"line":38,"column":3}},"1":{"start":{"line":10,"column":10},"end":{"line":10,"column":28}},"2":{"start":{"line":11,"column":39},"end":{"line":11,"column":56}},"3":{"start":{"line":12,"column":10},"end":{"line":15,"column":12}}},"fnMap":{"0":{"name":"Login","decl":{"start":{"line":5,"column":9},"end":{"line":5,"column":14}},"loc":{"start":{"line":5,"column":27},"end":{"line":39,"column":1}},"line":5},"1":{"name":"(anonymous_1)","decl":{"start":{"line":9,"column":18},"end":{"line":9,"column":19}},"loc":{"start":{"line":9,"column":23},"end":{"line":16,"column":9}},"line":9}},"branchMap":{},"s":{"0":12,"1":10,"2":10,"3":10},"f":{"0":12,"1":10},"b":{},"_coverageSchema":"332fd63041d2c1bcb487cc26dd0d5f7d97098a6c","hash":"868faa04d89b7ebcf2266cb14fcbf112c4390bcd"}
,"/home/oscles/Desktop/testing-workshop/client/src/components/user.js": {"path":"/home/oscles/Desktop/testing-workshop/client/src/components/user.js","statementMap":{"0":{"start":{"line":8,"column":21},"end":{"line":8,"column":57}},"1":{"start":{"line":9,"column":4},"end":{"line":9,"column":27}},"2":{"start":{"line":10,"column":4},"end":{"line":10,"column":19}},"3":{"start":{"line":13,"column":4},"end":{"line":13,"column":31}},"4":{"start":{"line":14,"column":4},"end":{"line":19,"column":7}},"5":{"start":{"line":17,"column":20},"end":{"line":17,"column":38}},"6":{"start":{"line":18,"column":21},"end":{"line":18,"column":56}},"7":{"start":{"line":22,"column":4},"end":{"line":22,"column":31}},"8":{"start":{"line":23,"column":4},"end":{"line":28,"column":7}},"9":{"start":{"line":26,"column":20},"end":{"line":26,"column":38}},"10":{"start":{"line":27,"column":21},"end":{"line":27,"column":56}},"11":{"start":{"line":31,"column":4},"end":{"line":31,"column":31}},"12":{"start":{"line":32,"column":4},"end":{"line":37,"column":7}},"13":{"start":{"line":35,"column":14},"end":{"line":35,"column":26}},"14":{"start":{"line":36,"column":21},"end":{"line":36,"column":56}},"15":{"start":{"line":40,"column":4},"end":{"line":40,"column":31}},"16":{"start":{"line":41,"column":4},"end":{"line":46,"column":7}},"17":{"start":{"line":44,"column":20},"end":{"line":44,"column":38}},"18":{"start":{"line":45,"column":21},"end":{"line":45,"column":56}},"19":{"start":{"line":49,"column":4},"end":{"line":54,"column":6}}},"fnMap":{"0":{"name":"(anonymous_0)","decl":{"start":{"line":7,"column":2},"end":{"line":7,"column":3}},"loc":{"start":{"line":7,"column":19},"end":{"line":11,"column":3}},"line":7},"1":{"name":"(anonymous_1)","decl":{"start":{"line":12,"column":2},"end":{"line":12,"column":3}},"loc":{"start":{"line":12,"column":22},"end":{"line":20,"column":3}},"line":12},"2":{"name":"(anonymous_2)","decl":{"start":{"line":17,"column":8},"end":{"line":17,"column":9}},"loc":{"start":{"line":17,"column":20},"end":{"line":17,"column":38}},"line":17},"3":{"name":"(anonymous_3)","decl":{"start":{"line":18,"column":8},"end":{"line":18,"column":9}},"loc":{"start":{"line":18,"column":21},"end":{"line":18,"column":56}},"line":18},"4":{"name":"(anonymous_4)","decl":{"start":{"line":21,"column":10},"end":{"line":21,"column":11}},"loc":{"start":{"line":21,"column":23},"end":{"line":29,"column":3}},"line":21},"5":{"name":"(anonymous_5)","decl":{"start":{"line":26,"column":8},"end":{"line":26,"column":9}},"loc":{"start":{"line":26,"column":20},"end":{"line":26,"column":38}},"line":26},"6":{"name":"(anonymous_6)","decl":{"start":{"line":27,"column":8},"end":{"line":27,"column":9}},"loc":{"start":{"line":27,"column":21},"end":{"line":27,"column":56}},"line":27},"7":{"name":"(anonymous_7)","decl":{"start":{"line":30,"column":11},"end":{"line":30,"column":12}},"loc":{"start":{"line":30,"column":17},"end":{"line":38,"column":3}},"line":30},"8":{"name":"(anonymous_8)","decl":{"start":{"line":35,"column":8},"end":{"line":35,"column":9}},"loc":{"start":{"line":35,"column":14},"end":{"line":35,"column":26}},"line":35},"9":{"name":"(anonymous_9)","decl":{"start":{"line":36,"column":8},"end":{"line":36,"column":9}},"loc":{"start":{"line":36,"column":21},"end":{"line":36,"column":56}},"line":36},"10":{"name":"(anonymous_10)","decl":{"start":{"line":39,"column":13},"end":{"line":39,"column":14}},"loc":{"start":{"line":39,"column":26},"end":{"line":47,"column":3}},"line":39},"11":{"name":"(anonymous_11)","decl":{"start":{"line":44,"column":8},"end":{"line":44,"column":9}},"loc":{"start":{"line":44,"column":20},"end":{"line":44,"column":38}},"line":44},"12":{"name":"(anonymous_12)","decl":{"start":{"line":45,"column":8},"end":{"line":45,"column":9}},"loc":{"start":{"line":45,"column":21},"end":{"line":45,"column":56}},"line":45},"13":{"name":"(anonymous_13)","decl":{"start":{"line":48,"column":2},"end":{"line":48,"column":3}},"loc":{"start":{"line":48,"column":11},"end":{"line":55,"column":3}},"line":48}},"branchMap":{},"s":{"0":26,"1":26,"2":26,"3":8,"4":8,"5":8,"6":0,"7":2,"8":2,"9":2,"10":0,"11":1,"12":1,"13":1,"14":0,"15":2,"16":2,"17":1,"18":1,"19":34},"f":{"0":26,"1":8,"2":8,"3":0,"4":2,"5":2,"6":0,"7":1,"8":1,"9":0,"10":2,"11":1,"12":1,"13":34},"b":{},"_coverageSchema":"332fd63041d2c1bcb487cc26dd0d5f7d97098a6c","hash":"4a73f15bbdd184883534f7fc094e2dded435ce77"}
,"/home/oscles/Desktop/testing-workshop/client/src/screens/editor.js": {"path":"/home/oscles/Desktop/testing-workshop/client/src/screens/editor.js","statementMap":{"0":{"start":{"line":11,"column":4},"end":{"line":11,"column":22}},"1":{"start":{"line":12,"column":35},"end":{"line":12,"column":52}},"2":{"start":{"line":13,"column":20},"end":{"line":19,"column":5}},"3":{"start":{"line":16,"column":43},"end":{"line":16,"column":51}},"4":{"start":{"line":20,"column":4},"end":{"line":22,"column":6}},"5":{"start":{"line":21,"column":6},"end":{"line":21,"column":34}},"6":{"start":{"line":25,"column":4},"end":{"line":45,"column":5}}},"fnMap":{"0":{"name":"(anonymous_0)","decl":{"start":{"line":10,"column":17},"end":{"line":10,"column":18}},"loc":{"start":{"line":10,"column":22},"end":{"line":23,"column":3}},"line":10},"1":{"name":"(anonymous_1)","decl":{"start":{"line":16,"column":38},"end":{"line":16,"column":39}},"loc":{"start":{"line":16,"column":43},"end":{"line":16,"column":51}},"line":16},"2":{"name":"(anonymous_2)","decl":{"start":{"line":20,"column":46},"end":{"line":20,"column":47}},"loc":{"start":{"line":20,"column":52},"end":{"line":22,"column":5}},"line":20},"3":{"name":"(anonymous_3)","decl":{"start":{"line":24,"column":2},"end":{"line":24,"column":3}},"loc":{"start":{"line":24,"column":11},"end":{"line":46,"column":3}},"line":24}},"branchMap":{},"s":{"0":2,"1":2,"2":2,"3":5,"4":2,"5":2,"6":3},"f":{"0":2,"1":5,"2":2,"3":3},"b":{},"_coverageSchema":"332fd63041d2c1bcb487cc26dd0d5f7d97098a6c","hash":"38be3dcd34f79808320a0b4f0579b6322430611d"}
,"/home/oscles/Desktop/testing-workshop/client/src/screens/editor.todo.js": {"path":"/home/oscles/Desktop/testing-workshop/client/src/screens/editor.todo.js","statementMap":{"0":{"start":{"line":1,"column":13},"end":{"line":1,"column":75}},"1":{"start":{"line":1,"column":94},"end":{"line":1,"column":167}},"2":{"start":{"line":1,"column":181},"end":{"line":1,"column":197}},"3":{"start":{"line":1,"column":212},"end":{"line":1,"column":242}},"4":{"start":{"line":2,"column":11},"end":{"line":2,"column":34}},"5":{"start":{"line":2,"column":45},"end":{"line":2,"column":74}},"6":{"start":{"line":3,"column":12},"end":{"line":3,"column":41}},"7":{"start":{"line":3,"column":55},"end":{"line":3,"column":84}},"8":{"start":{"line":4,"column":14},"end":{"line":4,"column":45}},"9":{"start":{"line":4,"column":85},"end":{"line":4,"column":301}},"10":{"start":{"line":4,"column":113},"end":{"line":4,"column":124}},"11":{"start":{"line":4,"column":145},"end":{"line":4,"column":147}},"12":{"start":{"line":4,"column":148},"end":{"line":4,"column":265}},"13":{"start":{"line":4,"column":166},"end":{"line":4,"column":264}},"14":{"start":{"line":4,"column":188},"end":{"line":4,"column":263}},"15":{"start":{"line":4,"column":240},"end":{"line":4,"column":263}},"16":{"start":{"line":4,"column":265},"end":{"line":4,"column":286}},"17":{"start":{"line":4,"column":286},"end":{"line":4,"column":300}},"18":{"start":{"line":4,"column":340},"end":{"line":4,"column":394}},"19":{"start":{"line":6,"column":71},"end":{"line":20,"column":13}},"20":{"start":{"line":8,"column":6},"end":{"line":8,"column":25}},"21":{"start":{"line":9,"column":6},"end":{"line":9,"column":23}},"22":{"start":{"line":9,"column":38},"end":{"line":9,"column":62}},"23":{"start":{"line":9,"column":73},"end":{"line":9,"column":99}},"24":{"start":{"line":9,"column":107},"end":{"line":9,"column":130}},"25":{"start":{"line":10,"column":22},"end":{"line":15,"column":38}},"26":{"start":{"line":13,"column":45},"end":{"line":13,"column":53}},"27":{"start":{"line":17,"column":6},"end":{"line":19,"column":9}},"28":{"start":{"line":18,"column":8},"end":{"line":18,"column":37}},"29":{"start":{"line":22,"column":4},"end":{"line":39,"column":183}},"30":{"start":{"line":43,"column":4},"end":{"line":46,"column":7}}},"fnMap":{"0":{"name":"_interopRequireWildcard","decl":{"start":{"line":4,"column":55},"end":{"line":4,"column":78}},"loc":{"start":{"line":4,"column":84},"end":{"line":4,"column":302}},"line":4},"1":{"name":"_interopRequireDefault","decl":{"start":{"line":4,"column":311},"end":{"line":4,"column":333}},"loc":{"start":{"line":4,"column":339},"end":{"line":4,"column":395}},"line":4},"2":{"name":"(anonymous_2)","decl":{"start":{"line":6,"column":39},"end":{"line":6,"column":40}},"loc":{"start":{"line":6,"column":60},"end":{"line":20,"column":14}},"line":6},"3":{"name":"(anonymous_3)","decl":{"start":{"line":7,"column":19},"end":{"line":7,"column":20}},"loc":{"start":{"line":7,"column":24},"end":{"line":20,"column":5}},"line":7},"4":{"name":"(anonymous_4)","decl":{"start":{"line":13,"column":40},"end":{"line":13,"column":41}},"loc":{"start":{"line":13,"column":45},"end":{"line":13,"column":53}},"line":13},"5":{"name":"(anonymous_5)","decl":{"start":{"line":17,"column":37},"end":{"line":17,"column":38}},"loc":{"start":{"line":17,"column":43},"end":{"line":19,"column":7}},"line":17},"6":{"name":"(anonymous_6)","decl":{"start":{"line":21,"column":2},"end":{"line":21,"column":3}},"loc":{"start":{"line":21,"column":11},"end":{"line":43,"column":3}},"line":21}},"branchMap":{"0":{"loc":{"start":{"line":4,"column":85},"end":{"line":4,"column":301}},"type":"if","locations":[{"start":{"line":4,"column":85},"end":{"line":4,"column":301}},{"start":{"line":4,"column":85},"end":{"line":4,"column":301}}],"line":4},"1":{"loc":{"start":{"line":4,"column":89},"end":{"line":4,"column":110}},"type":"binary-expr","locations":[{"start":{"line":4,"column":89},"end":{"line":4,"column":92}},{"start":{"line":4,"column":96},"end":{"line":4,"column":110}}],"line":4},"2":{"loc":{"start":{"line":4,"column":148},"end":{"line":4,"column":265}},"type":"if","locations":[{"start":{"line":4,"column":148},"end":{"line":4,"column":265}},{"start":{"line":4,"column":148},"end":{"line":4,"column":265}}],"line":4},"3":{"loc":{"start":{"line":4,"column":188},"end":{"line":4,"column":263}},"type":"if","locations":[{"start":{"line":4,"column":188},"end":{"line":4,"column":263}},{"start":{"line":4,"column":188},"end":{"line":4,"column":263}}],"line":4},"4":{"loc":{"start":{"line":4,"column":347},"end":{"line":4,"column":393}},"type":"cond-expr","locations":[{"start":{"line":4,"column":371},"end":{"line":4,"column":374}},{"start":{"line":4,"column":377},"end":{"line":4,"column":393}}],"line":4},"5":{"loc":{"start":{"line":4,"column":347},"end":{"line":4,"column":368}},"type":"binary-expr","locations":[{"start":{"line":4,"column":347},"end":{"line":4,"column":350}},{"start":{"line":4,"column":354},"end":{"line":4,"column":368}}],"line":4}},"s":{"0":0,"1":0,"2":0,"3":0,"4":0,"5":0,"6":0,"7":0,"8":0,"9":0,"10":0,"11":0,"12":0,"13":0,"14":0,"15":0,"16":0,"17":0,"18":0,"19":0,"20":0,"21":0,"22":0,"23":0,"24":0,"25":0,"26":0,"27":0,"28":0,"29":0,"30":0},"f":{"0":0,"1":0,"2":0,"3":0,"4":0,"5":0,"6":0},"b":{"0":[0,0],"1":[0,0],"2":[0,0],"3":[0,0],"4":[0,0],"5":[0,0]}}
,"/home/oscles/Desktop/testing-workshop/client/src/screens/home.js": {"path":"/home/oscles/Desktop/testing-workshop/client/src/screens/home.js","statementMap":{"0":{"start":{"line":11,"column":21},"end":{"line":11,"column":57}},"1":{"start":{"line":12,"column":4},"end":{"line":14,"column":5}},"2":{"start":{"line":13,"column":6},"end":{"line":13,"column":29}},"3":{"start":{"line":15,"column":4},"end":{"line":15,"column":19}},"4":{"start":{"line":18,"column":4},"end":{"line":18,"column":26}},"5":{"start":{"line":19,"column":4},"end":{"line":21,"column":5}},"6":{"start":{"line":20,"column":6},"end":{"line":20,"column":19}},"7":{"start":{"line":24,"column":4},"end":{"line":24,"column":27}},"8":{"start":{"line":27,"column":4},"end":{"line":27,"column":34}},"9":{"start":{"line":28,"column":4},"end":{"line":33,"column":7}},"10":{"start":{"line":31,"column":18},"end":{"line":31,"column":38}},"11":{"start":{"line":32,"column":17},"end":{"line":32,"column":52}},"12":{"start":{"line":36,"column":4},"end":{"line":39,"column":6}},"13":{"start":{"line":44,"column":2},"end":{"line":61,"column":3}},"14":{"start":{"line":47,"column":18},"end":{"line":47,"column":65}},"15":{"start":{"line":49,"column":10},"end":{"line":57,"column":18}},"16":{"start":{"line":65,"column":2},"end":{"line":77,"column":3}},"17":{"start":{"line":70,"column":10},"end":{"line":74,"column":12}},"18":{"start":{"line":73,"column":36},"end":{"line":73,"column":55}},"19":{"start":{"line":81,"column":2},"end":{"line":81,"column":35}},"20":{"start":{"line":84,"column":22},"end":{"line":90,"column":2}},"21":{"start":{"line":92,"column":18},"end":{"line":94,"column":2}},"22":{"start":{"line":96,"column":22},"end":{"line":103,"column":2}},"23":{"start":{"line":105,"column":12},"end":{"line":111,"column":2}},"24":{"start":{"line":113,"column":2},"end":{"line":127,"column":3}},"25":{"start":{"line":121,"column":10},"end":{"line":123,"column":16}}},"fnMap":{"0":{"name":"(anonymous_0)","decl":{"start":{"line":10,"column":2},"end":{"line":10,"column":3}},"loc":{"start":{"line":10,"column":19},"end":{"line":16,"column":3}},"line":10},"1":{"name":"(anonymous_1)","decl":{"start":{"line":17,"column":2},"end":{"line":17,"column":3}},"loc":{"start":{"line":17,"column":22},"end":{"line":22,"column":3}},"line":17},"2":{"name":"(anonymous_2)","decl":{"start":{"line":23,"column":2},"end":{"line":23,"column":3}},"loc":{"start":{"line":23,"column":25},"end":{"line":25,"column":3}},"line":23},"3":{"name":"(anonymous_3)","decl":{"start":{"line":26,"column":11},"end":{"line":26,"column":12}},"loc":{"start":{"line":26,"column":24},"end":{"line":34,"column":3}},"line":26},"4":{"name":"(anonymous_4)","decl":{"start":{"line":31,"column":8},"end":{"line":31,"column":9}},"loc":{"start":{"line":31,"column":18},"end":{"line":31,"column":38}},"line":31},"5":{"name":"(anonymous_5)","decl":{"start":{"line":32,"column":8},"end":{"line":32,"column":9}},"loc":{"start":{"line":32,"column":17},"end":{"line":32,"column":52}},"line":32},"6":{"name":"(anonymous_6)","decl":{"start":{"line":35,"column":2},"end":{"line":35,"column":3}},"loc":{"start":{"line":35,"column":11},"end":{"line":40,"column":3}},"line":35},"7":{"name":"Home","decl":{"start":{"line":43,"column":9},"end":{"line":43,"column":13}},"loc":{"start":{"line":43,"column":16},"end":{"line":62,"column":1}},"line":43},"8":{"name":"(anonymous_8)","decl":{"start":{"line":47,"column":12},"end":{"line":47,"column":13}},"loc":{"start":{"line":47,"column":18},"end":{"line":47,"column":65}},"line":47},"9":{"name":"(anonymous_9)","decl":{"start":{"line":48,"column":16},"end":{"line":48,"column":17}},"loc":{"start":{"line":49,"column":10},"end":{"line":57,"column":18}},"line":49},"10":{"name":"Timeline","decl":{"start":{"line":64,"column":9},"end":{"line":64,"column":17}},"loc":{"start":{"line":64,"column":44},"end":{"line":78,"column":1}},"line":64},"11":{"name":"(anonymous_11)","decl":{"start":{"line":69,"column":13},"end":{"line":69,"column":14}},"loc":{"start":{"line":70,"column":10},"end":{"line":74,"column":12}},"line":70},"12":{"name":"(anonymous_12)","decl":{"start":{"line":73,"column":31},"end":{"line":73,"column":32}},"loc":{"start":{"line":73,"column":36},"end":{"line":73,"column":55}},"line":73},"13":{"name":"sortByLatest","decl":{"start":{"line":80,"column":9},"end":{"line":80,"column":21}},"loc":{"start":{"line":80,"column":30},"end":{"line":82,"column":1}},"line":80},"14":{"name":"Post","decl":{"start":{"line":112,"column":9},"end":{"line":112,"column":13}},"loc":{"start":{"line":112,"column":78},"end":{"line":128,"column":1}},"line":112},"15":{"name":"(anonymous_15)","decl":{"start":{"line":120,"column":18},"end":{"line":120,"column":19}},"loc":{"start":{"line":121,"column":10},"end":{"line":123,"column":16}},"line":121}},"branchMap":{"0":{"loc":{"start":{"line":12,"column":4},"end":{"line":14,"column":5}},"type":"if","locations":[{"start":{"line":12,"column":4},"end":{"line":14,"column":5}},{"start":{"line":12,"column":4},"end":{"line":14,"column":5}}],"line":12},"1":{"loc":{"start":{"line":19,"column":4},"end":{"line":21,"column":5}},"type":"if","locations":[{"start":{"line":19,"column":4},"end":{"line":21,"column":5}},{"start":{"line":19,"column":4},"end":{"line":21,"column":5}}],"line":19},"2":{"loc":{"start":{"line":49,"column":10},"end":{"line":57,"column":18}},"type":"cond-expr","locations":[{"start":{"line":50,"column":12},"end":{"line":50,"column":23}},{"start":{"line":51,"column":14},"end":{"line":57,"column":18}}],"line":49},"3":{"loc":{"start":{"line":51,"column":14},"end":{"line":57,"column":18}},"type":"cond-expr","locations":[{"start":{"line":52,"column":12},"end":{"line":52,"column":19}},{"start":{"line":53,"column":14},"end":{"line":57,"column":18}}],"line":51},"4":{"loc":{"start":{"line":53,"column":14},"end":{"line":57,"column":18}},"type":"cond-expr","locations":[{"start":{"line":54,"column":12},"end":{"line":56,"column":18}},{"start":{"line":57,"column":14},"end":{"line":57,"column":18}}],"line":53},"5":{"loc":{"start":{"line":64,"column":19},"end":{"line":64,"column":29}},"type":"default-arg","locations":[{"start":{"line":64,"column":27},"end":{"line":64,"column":29}}],"line":64},"6":{"loc":{"start":{"line":64,"column":31},"end":{"line":64,"column":41}},"type":"default-arg","locations":[{"start":{"line":64,"column":39},"end":{"line":64,"column":41}}],"line":64},"7":{"loc":{"start":{"line":81,"column":9},"end":{"line":81,"column":35}},"type":"cond-expr","locations":[{"start":{"line":81,"column":29},"end":{"line":81,"column":31}},{"start":{"line":81,"column":34},"end":{"line":81,"column":35}}],"line":81},"8":{"loc":{"start":{"line":112,"column":45},"end":{"line":112,"column":75}},"type":"default-arg","locations":[{"start":{"line":112,"column":54},"end":{"line":112,"column":75}}],"line":112}},"s":{"0":11,"1":11,"2":7,"3":11,"4":11,"5":11,"6":11,"7":7,"8":11,"9":11,"10":11,"11":0,"12":25,"13":11,"14":11,"15":25,"16":7,"17":0,"18":0,"19":0,"20":4,"21":4,"22":4,"23":4,"24":0,"25":0},"f":{"0":11,"1":11,"2":7,"3":11,"4":11,"5":0,"6":25,"7":11,"8":11,"9":25,"10":7,"11":0,"12":0,"13":0,"14":0,"15":0},"b":{"0":[7,4],"1":[11,0],"2":[7,18],"3":[0,18],"4":[7,11],"5":[5],"6":[5],"7":[0,0],"8":[0]},"_coverageSchema":"332fd63041d2c1bcb487cc26dd0d5f7d97098a6c","hash":"5a9d8db4f48156cb867eb9fbdca6245600e97e4d"}
,"/home/oscles/Desktop/testing-workshop/client/src/utils/api.js": {"path":"/home/oscles/Desktop/testing-workshop/client/src/utils/api.js","statementMap":{"0":{"start":{"line":4,"column":19},"end":{"line":4,"column":48}},"1":{"start":{"line":6,"column":16},"end":{"line":6,"column":31}},"2":{"start":{"line":6,"column":23},"end":{"line":6,"column":31}},"3":{"start":{"line":8,"column":17},"end":{"line":13,"column":1}},"4":{"start":{"line":9,"column":17},"end":{"line":9,"column":46}},"5":{"start":{"line":10,"column":14},"end":{"line":10,"column":40}},"6":{"start":{"line":11,"column":22},"end":{"line":11,"column":54}},"7":{"start":{"line":12,"column":23},"end":{"line":12,"column":56}},"8":{"start":{"line":15,"column":13},"end":{"line":42,"column":1}},"9":{"start":{"line":17,"column":4},"end":{"line":19,"column":5}},"10":{"start":{"line":18,"column":6},"end":{"line":18,"column":42}},"11":{"start":{"line":20,"column":4},"end":{"line":26,"column":6}},"12":{"start":{"line":21,"column":6},"end":{"line":24,"column":7}},"13":{"start":{"line":22,"column":8},"end":{"line":22,"column":16}},"14":{"start":{"line":23,"column":8},"end":{"line":23,"column":27}},"15":{"start":{"line":25,"column":6},"end":{"line":25,"column":34}},"16":{"start":{"line":29,"column":4},"end":{"line":29,"column":12}},"17":{"start":{"line":30,"column":4},"end":{"line":30,"column":40}},"18":{"start":{"line":33,"column":4},"end":{"line":36,"column":6}},"19":{"start":{"line":34,"column":6},"end":{"line":34,"column":37}},"20":{"start":{"line":35,"column":6},"end":{"line":35,"column":17}},"21":{"start":{"line":38,"column":4},"end":{"line":41,"column":6}},"22":{"start":{"line":39,"column":6},"end":{"line":39,"column":37}},"23":{"start":{"line":40,"column":6},"end":{"line":40,"column":17}},"24":{"start":{"line":44,"column":14},"end":{"line":49,"column":1}},"25":{"start":{"line":45,"column":16},"end":{"line":45,"column":47}},"26":{"start":{"line":46,"column":13},"end":{"line":46,"column":57}},"27":{"start":{"line":47,"column":27},"end":{"line":47,"column":64}},"28":{"start":{"line":48,"column":18},"end":{"line":48,"column":47}},"29":{"start":{"line":51,"column":14},"end":{"line":56,"column":1}},"30":{"start":{"line":52,"column":16},"end":{"line":52,"column":47}},"31":{"start":{"line":53,"column":13},"end":{"line":53,"column":57}},"32":{"start":{"line":54,"column":27},"end":{"line":54,"column":64}},"33":{"start":{"line":55,"column":18},"end":{"line":55,"column":47}},"34":{"start":{"line":59,"column":2},"end":{"line":59,"column":41}},"35":{"start":{"line":60,"column":2},"end":{"line":60,"column":21}},"36":{"start":{"line":64,"column":2},"end":{"line":64,"column":45}},"37":{"start":{"line":65,"column":2},"end":{"line":65,"column":15}},"38":{"start":{"line":73,"column":2},"end":{"line":73,"column":29}},"39":{"start":{"line":74,"column":2},"end":{"line":81,"column":4}}},"fnMap":{"0":{"name":"(anonymous_0)","decl":{"start":{"line":6,"column":16},"end":{"line":6,"column":17}},"loc":{"start":{"line":6,"column":23},"end":{"line":6,"column":31}},"line":6},"1":{"name":"(anonymous_1)","decl":{"start":{"line":9,"column":10},"end":{"line":9,"column":11}},"loc":{"start":{"line":9,"column":17},"end":{"line":9,"column":46}},"line":9},"2":{"name":"(anonymous_2)","decl":{"start":{"line":10,"column":7},"end":{"line":10,"column":8}},"loc":{"start":{"line":10,"column":14},"end":{"line":10,"column":40}},"line":10},"3":{"name":"(anonymous_3)","decl":{"start":{"line":11,"column":7},"end":{"line":11,"column":8}},"loc":{"start":{"line":11,"column":22},"end":{"line":11,"column":54}},"line":11},"4":{"name":"(anonymous_4)","decl":{"start":{"line":12,"column":8},"end":{"line":12,"column":9}},"loc":{"start":{"line":12,"column":23},"end":{"line":12,"column":56}},"line":12},"5":{"name":"(anonymous_5)","decl":{"start":{"line":20,"column":42},"end":{"line":20,"column":43}},"loc":{"start":{"line":20,"column":51},"end":{"line":26,"column":5}},"line":20},"6":{"name":"(anonymous_6)","decl":{"start":{"line":28,"column":10},"end":{"line":28,"column":11}},"loc":{"start":{"line":28,"column":16},"end":{"line":31,"column":3}},"line":28},"7":{"name":"(anonymous_7)","decl":{"start":{"line":32,"column":9},"end":{"line":32,"column":10}},"loc":{"start":{"line":33,"column":4},"end":{"line":36,"column":6}},"line":33},"8":{"name":"(anonymous_8)","decl":{"start":{"line":33,"column":44},"end":{"line":33,"column":45}},"loc":{"start":{"line":33,"column":52},"end":{"line":36,"column":5}},"line":33},"9":{"name":"(anonymous_9)","decl":{"start":{"line":37,"column":12},"end":{"line":37,"column":13}},"loc":{"start":{"line":38,"column":4},"end":{"line":41,"column":6}},"line":38},"10":{"name":"(anonymous_10)","decl":{"start":{"line":38,"column":47},"end":{"line":38,"column":48}},"loc":{"start":{"line":38,"column":55},"end":{"line":41,"column":5}},"line":38},"11":{"name":"(anonymous_11)","decl":{"start":{"line":45,"column":10},"end":{"line":45,"column":11}},"loc":{"start":{"line":45,"column":16},"end":{"line":45,"column":47}},"line":45},"12":{"name":"(anonymous_12)","decl":{"start":{"line":46,"column":7},"end":{"line":46,"column":8}},"loc":{"start":{"line":46,"column":13},"end":{"line":46,"column":57}},"line":46},"13":{"name":"(anonymous_13)","decl":{"start":{"line":47,"column":10},"end":{"line":47,"column":11}},"loc":{"start":{"line":47,"column":27},"end":{"line":47,"column":64}},"line":47},"14":{"name":"(anonymous_14)","decl":{"start":{"line":48,"column":10},"end":{"line":48,"column":11}},"loc":{"start":{"line":48,"column":18},"end":{"line":48,"column":47}},"line":48},"15":{"name":"(anonymous_15)","decl":{"start":{"line":52,"column":10},"end":{"line":52,"column":11}},"loc":{"start":{"line":52,"column":16},"end":{"line":52,"column":47}},"line":52},"16":{"name":"(anonymous_16)","decl":{"start":{"line":53,"column":7},"end":{"line":53,"column":8}},"loc":{"start":{"line":53,"column":13},"end":{"line":53,"column":57}},"line":53},"17":{"name":"(anonymous_17)","decl":{"start":{"line":54,"column":10},"end":{"line":54,"column":11}},"loc":{"start":{"line":54,"column":27},"end":{"line":54,"column":64}},"line":54},"18":{"name":"(anonymous_18)","decl":{"start":{"line":55,"column":10},"end":{"line":55,"column":11}},"loc":{"start":{"line":55,"column":18},"end":{"line":55,"column":47}},"line":55},"19":{"name":"logout","decl":{"start":{"line":58,"column":9},"end":{"line":58,"column":15}},"loc":{"start":{"line":58,"column":18},"end":{"line":61,"column":1}},"line":58},"20":{"name":"login","decl":{"start":{"line":63,"column":9},"end":{"line":63,"column":14}},"loc":{"start":{"line":63,"column":24},"end":{"line":66,"column":1}},"line":63},"21":{"name":"init","decl":{"start":{"line":68,"column":9},"end":{"line":68,"column":13}},"loc":{"start":{"line":72,"column":8},"end":{"line":82,"column":1}},"line":72}},"branchMap":{"0":{"loc":{"start":{"line":17,"column":4},"end":{"line":19,"column":5}},"type":"if","locations":[{"start":{"line":17,"column":4},"end":{"line":19,"column":5}},{"start":{"line":17,"column":4},"end":{"line":19,"column":5}}],"line":17},"1":{"loc":{"start":{"line":21,"column":6},"end":{"line":24,"column":7}},"type":"if","locations":[{"start":{"line":21,"column":6},"end":{"line":24,"column":7}},{"start":{"line":21,"column":6},"end":{"line":24,"column":7}}],"line":21},"2":{"loc":{"start":{"line":46,"column":26},"end":{"line":46,"column":56}},"type":"cond-expr","locations":[{"start":{"line":46,"column":31},"end":{"line":46,"column":45}},{"start":{"line":46,"column":48},"end":{"line":46,"column":56}}],"line":46},"3":{"loc":{"start":{"line":53,"column":26},"end":{"line":53,"column":56}},"type":"cond-expr","locations":[{"start":{"line":53,"column":31},"end":{"line":53,"column":45}},{"start":{"line":53,"column":48},"end":{"line":53,"column":56}}],"line":53},"4":{"loc":{"start":{"line":68,"column":14},"end":{"line":72,"column":6}},"type":"default-arg","locations":[{"start":{"line":72,"column":4},"end":{"line":72,"column":6}}],"line":68},"5":{"loc":{"start":{"line":69,"column":2},"end":{"line":69,"column":46}},"type":"default-arg","locations":[{"start":{"line":69,"column":10},"end":{"line":69,"column":46}}],"line":69},"6":{"loc":{"start":{"line":70,"column":2},"end":{"line":70,"column":55}},"type":"default-arg","locations":[{"start":{"line":70,"column":12},"end":{"line":70,"column":55}}],"line":70},"7":{"loc":{"start":{"line":70,"column":12},"end":{"line":70,"column":55}},"type":"binary-expr","locations":[{"start":{"line":70,"column":13},"end":{"line":70,"column":16}},{"start":{"line":70,"column":20},"end":{"line":70,"column":40}},{"start":{"line":70,"column":45},"end":{"line":70,"column":55}}],"line":70},"8":{"loc":{"start":{"line":71,"column":2},"end":{"line":71,"column":30}},"type":"default-arg","locations":[{"start":{"line":71,"column":17},"end":{"line":71,"column":30}}],"line":71},"9":{"loc":{"start":{"line":78,"column":21},"end":{"line":78,"column":58}},"type":"cond-expr","locations":[{"start":{"line":78,"column":29},"end":{"line":78,"column":46}},{"start":{"line":78,"column":49},"end":{"line":78,"column":58}}],"line":78}},"s":{"0":5,"1":5,"2":27,"3":5,"4":0,"5":24,"6":0,"7":3,"8":5,"9":4,"10":2,"11":2,"12":0,"13":0,"14":0,"15":0,"16":0,"17":0,"18":1,"19":1,"20":1,"21":1,"22":1,"23":1,"24":5,"25":0,"26":11,"27":0,"28":0,"29":5,"30":0,"31":11,"32":0,"33":1,"34":0,"35":0,"36":2,"37":2,"38":8,"39":8},"f":{"0":27,"1":0,"2":24,"3":0,"4":3,"5":0,"6":0,"7":1,"8":1,"9":1,"10":1,"11":0,"12":11,"13":0,"14":0,"15":0,"16":11,"17":0,"18":1,"19":0,"20":2,"21":8},"b":{"0":[2,2],"1":[0,0],"2":[0,11],"3":[0,11],"4":[6],"5":[6],"6":[8],"7":[8,4,8],"8":[8],"9":[4,4]},"_coverageSchema":"332fd63041d2c1bcb487cc26dd0d5f7d97098a6c","hash":"998010f15c9596809345df83f36a8678ca3bb8fe"}
,"/home/oscles/Desktop/testing-workshop/other/configuration/calculator.solution/src/auto-scaling-text.js": {"path":"/home/oscles/Desktop/testing-workshop/other/configuration/calculator.solution/src/auto-scaling-text.js","statementMap":{"0":{"start":{"line":10,"column":20},"end":{"line":10,"column":30}},"1":{"start":{"line":12,"column":17},"end":{"line":12,"column":26}},"2":{"start":{"line":13,"column":23},"end":{"line":13,"column":38}},"3":{"start":{"line":15,"column":27},"end":{"line":15,"column":49}},"4":{"start":{"line":16,"column":24},"end":{"line":16,"column":40}},"5":{"start":{"line":17,"column":24},"end":{"line":17,"column":52}},"6":{"start":{"line":19,"column":4},"end":{"line":19,"column":37}},"7":{"start":{"line":19,"column":31},"end":{"line":19,"column":37}},"8":{"start":{"line":21,"column":4},"end":{"line":25,"column":5}},"9":{"start":{"line":22,"column":6},"end":{"line":22,"column":41}},"10":{"start":{"line":23,"column":11},"end":{"line":25,"column":5}},"11":{"start":{"line":24,"column":6},"end":{"line":24,"column":31}},"12":{"start":{"line":29,"column":20},"end":{"line":29,"column":30}},"13":{"start":{"line":31,"column":4},"end":{"line":39,"column":5}},"14":{"start":{"line":35,"column":22},"end":{"line":35,"column":38}}},"fnMap":{"0":{"name":"(anonymous_0)","decl":{"start":{"line":9,"column":2},"end":{"line":9,"column":3}},"loc":{"start":{"line":9,"column":23},"end":{"line":26,"column":3}},"line":9},"1":{"name":"(anonymous_1)","decl":{"start":{"line":28,"column":2},"end":{"line":28,"column":3}},"loc":{"start":{"line":28,"column":11},"end":{"line":40,"column":3}},"line":28},"2":{"name":"(anonymous_2)","decl":{"start":{"line":35,"column":13},"end":{"line":35,"column":14}},"loc":{"start":{"line":35,"column":22},"end":{"line":35,"column":38}},"line":35}},"branchMap":{"0":{"loc":{"start":{"line":19,"column":4},"end":{"line":19,"column":37}},"type":"if","locations":[{"start":{"line":19,"column":4},"end":{"line":19,"column":37}},{"start":{"line":19,"column":4},"end":{"line":19,"column":37}}],"line":19},"1":{"loc":{"start":{"line":21,"column":4},"end":{"line":25,"column":5}},"type":"if","locations":[{"start":{"line":21,"column":4},"end":{"line":25,"column":5}},{"start":{"line":21,"column":4},"end":{"line":25,"column":5}}],"line":21},"2":{"loc":{"start":{"line":23,"column":11},"end":{"line":25,"column":5}},"type":"if","locations":[{"start":{"line":23,"column":11},"end":{"line":25,"column":5}},{"start":{"line":23,"column":11},"end":{"line":25,"column":5}}],"line":23}},"s":{"0":0,"1":0,"2":0,"3":0,"4":0,"5":0,"6":0,"7":0,"8":0,"9":0,"10":0,"11":0,"12":2,"13":2,"14":2},"f":{"0":0,"1":2,"2":2},"b":{"0":[0,0],"1":[0,0],"2":[0,0]},"_coverageSchema":"332fd63041d2c1bcb487cc26dd0d5f7d97098a6c","hash":"2462ea04990bbd15f3859692cc612fa8c1f142d9"}
,"/home/oscles/Desktop/testing-workshop/other/configuration/calculator.solution/src/calculator-display.js": {"path":"/home/oscles/Desktop/testing-workshop/other/configuration/calculator.solution/src/calculator-display.js","statementMap":{"0":{"start":{"line":8,"column":30},"end":{"line":8,"column":40}},"1":{"start":{"line":9,"column":27},"end":{"line":9,"column":71}},"2":{"start":{"line":11,"column":4},"end":{"line":15,"column":5}}},"fnMap":{"0":{"name":"(anonymous_0)","decl":{"start":{"line":7,"column":2},"end":{"line":7,"column":3}},"loc":{"start":{"line":7,"column":11},"end":{"line":16,"column":3}},"line":7}},"branchMap":{},"s":{"0":1,"1":1,"2":1},"f":{"0":1},"b":{},"_coverageSchema":"332fd63041d2c1bcb487cc26dd0d5f7d97098a6c","hash":"0c88bbfae459b4b509325ef606a04c86023160d6"}
,"/home/oscles/Desktop/testing-workshop/other/configuration/calculator.solution/src/calculator.js": {"path":"/home/oscles/Desktop/testing-workshop/other/configuration/calculator.solution/src/calculator.js","statementMap":{"0":{"start":{"line":9,"column":26},"end":{"line":12,"column":2}},"1":{"start":{"line":10,"column":16},"end":{"line":10,"column":71}},"2":{"start":{"line":10,"column":59},"end":{"line":10,"column":70}},"3":{"start":{"line":11,"column":17},"end":{"line":11,"column":68}},"4":{"start":{"line":16,"column":48},"end":{"line":16,"column":58}},"5":{"start":{"line":18,"column":4},"end":{"line":22,"column":5}},"6":{"start":{"line":26,"column":29},"end":{"line":32,"column":1}},"7":{"start":{"line":27,"column":33},"end":{"line":27,"column":54}},"8":{"start":{"line":28,"column":33},"end":{"line":28,"column":54}},"9":{"start":{"line":29,"column":33},"end":{"line":29,"column":54}},"10":{"start":{"line":30,"column":33},"end":{"line":30,"column":54}},"11":{"start":{"line":31,"column":33},"end":{"line":31,"column":42}},"12":{"start":{"line":43,"column":4},"end":{"line":48,"column":6}},"13":{"start":{"line":52,"column":4},"end":{"line":54,"column":6}},"14":{"start":{"line":58,"column":27},"end":{"line":58,"column":37}},"15":{"start":{"line":60,"column":4},"end":{"line":62,"column":6}},"16":{"start":{"line":66,"column":27},"end":{"line":66,"column":37}},"17":{"start":{"line":67,"column":21},"end":{"line":67,"column":50}},"18":{"start":{"line":69,"column":4},"end":{"line":71,"column":6}},"19":{"start":{"line":75,"column":27},"end":{"line":75,"column":37}},"20":{"start":{"line":76,"column":25},"end":{"line":76,"column":49}},"21":{"start":{"line":78,"column":4},"end":{"line":78,"column":34}},"22":{"start":{"line":78,"column":28},"end":{"line":78,"column":34}},"23":{"start":{"line":80,"column":24},"end":{"line":80,"column":61}},"24":{"start":{"line":81,"column":21},"end":{"line":81,"column":51}},"25":{"start":{"line":83,"column":4},"end":{"line":85,"column":6}},"26":{"start":{"line":89,"column":27},"end":{"line":89,"column":37}},"27":{"start":{"line":91,"column":4},"end":{"line":96,"column":5}},"28":{"start":{"line":92,"column":6},"end":{"line":95,"column":8}},"29":{"start":{"line":100,"column":46},"end":{"line":100,"column":56}},"30":{"start":{"line":102,"column":4},"end":{"line":112,"column":5}},"31":{"start":{"line":103,"column":6},"end":{"line":106,"column":8}},"32":{"start":{"line":108,"column":6},"end":{"line":111,"column":8}},"33":{"start":{"line":116,"column":44},"end":{"line":116,"column":54}},"34":{"start":{"line":117,"column":23},"end":{"line":117,"column":47}},"35":{"start":{"line":119,"column":4},"end":{"line":131,"column":5}},"36":{"start":{"line":120,"column":6},"end":{"line":122,"column":8}},"37":{"start":{"line":123,"column":11},"end":{"line":131,"column":5}},"38":{"start":{"line":124,"column":27},"end":{"line":124,"column":37}},"39":{"start":{"line":125,"column":23},"end":{"line":125,"column":79}},"40":{"start":{"line":127,"column":6},"end":{"line":130,"column":8}},"41":{"start":{"line":133,"column":4},"end":{"line":136,"column":6}},"42":{"start":{"line":140,"column":16},"end":{"line":140,"column":21}},"43":{"start":{"line":142,"column":4},"end":{"line":142,"column":34}},"44":{"start":{"line":142,"column":25},"end":{"line":142,"column":34}},"45":{"start":{"line":144,"column":4},"end":{"line":167,"column":5}},"46":{"start":{"line":145,"column":6},"end":{"line":145,"column":28}},"47":{"start":{"line":146,"column":6},"end":{"line":146,"column":40}},"48":{"start":{"line":147,"column":11},"end":{"line":167,"column":5}},"49":{"start":{"line":148,"column":6},"end":{"line":148,"column":28}},"50":{"start":{"line":149,"column":6},"end":{"line":149,"column":32}},"51":{"start":{"line":150,"column":11},"end":{"line":167,"column":5}},"52":{"start":{"line":151,"column":6},"end":{"line":151,"column":28}},"53":{"start":{"line":152,"column":6},"end":{"line":152,"column":21}},"54":{"start":{"line":153,"column":11},"end":{"line":167,"column":5}},"55":{"start":{"line":154,"column":6},"end":{"line":154,"column":28}},"56":{"start":{"line":155,"column":6},"end":{"line":155,"column":25}},"57":{"start":{"line":156,"column":11},"end":{"line":167,"column":5}},"58":{"start":{"line":157,"column":6},"end":{"line":157,"column":28}},"59":{"start":{"line":158,"column":6},"end":{"line":158,"column":26}},"60":{"start":{"line":159,"column":11},"end":{"line":167,"column":5}},"61":{"start":{"line":160,"column":6},"end":{"line":160,"column":28}},"62":{"start":{"line":162,"column":6},"end":{"line":166,"column":7}},"63":{"start":{"line":163,"column":8},"end":{"line":163,"column":23}},"64":{"start":{"line":165,"column":8},"end":{"line":165,"column":27}},"65":{"start":{"line":171,"column":4},"end":{"line":171,"column":60}},"66":{"start":{"line":172,"column":34},"end":{"line":174,"column":5}},"67":{"start":{"line":175,"column":4},"end":{"line":177,"column":5}},"68":{"start":{"line":176,"column":6},"end":{"line":176,"column":54}},"69":{"start":{"line":181,"column":4},"end":{"line":181,"column":79}},"70":{"start":{"line":185,"column":4},"end":{"line":185,"column":63}},"71":{"start":{"line":189,"column":27},"end":{"line":189,"column":37}},"72":{"start":{"line":191,"column":25},"end":{"line":191,"column":45}},"73":{"start":{"line":192,"column":22},"end":{"line":192,"column":47}},"74":{"start":{"line":194,"column":4},"end":{"line":324,"column":5}},"75":{"start":{"line":203,"column":18},"end":{"line":203,"column":70}},"76":{"start":{"line":210,"column":31},"end":{"line":210,"column":48}},"77":{"start":{"line":216,"column":31},"end":{"line":216,"column":50}},"78":{"start":{"line":224,"column":31},"end":{"line":224,"column":49}},"79":{"start":{"line":230,"column":31},"end":{"line":230,"column":46}},"80":{"start":{"line":236,"column":31},"end":{"line":236,"column":49}},"81":{"start":{"line":242,"column":31},"end":{"line":242,"column":49}},"82":{"start":{"line":248,"column":31},"end":{"line":248,"column":49}},"83":{"start":{"line":254,"column":31},"end":{"line":254,"column":49}},"84":{"start":{"line":260,"column":31},"end":{"line":260,"column":49}},"85":{"start":{"line":266,"column":31},"end":{"line":266,"column":49}},"86":{"start":{"line":272,"column":31},"end":{"line":272,"column":49}},"87":{"start":{"line":278,"column":31},"end":{"line":278,"column":49}},"88":{"start":{"line":284,"column":31},"end":{"line":284,"column":49}},"89":{"start":{"line":293,"column":29},"end":{"line":293,"column":55}},"90":{"start":{"line":299,"column":29},"end":{"line":299,"column":55}},"91":{"start":{"line":305,"column":29},"end":{"line":305,"column":55}},"92":{"start":{"line":311,"column":29},"end":{"line":311,"column":55}},"93":{"start":{"line":317,"column":29},"end":{"line":317,"column":55}}},"fnMap":{"0":{"name":"(anonymous_0)","decl":{"start":{"line":10,"column":10},"end":{"line":10,"column":11}},"loc":{"start":{"line":10,"column":16},"end":{"line":10,"column":71}},"line":10},"1":{"name":"(anonymous_1)","decl":{"start":{"line":10,"column":52},"end":{"line":10,"column":53}},"loc":{"start":{"line":10,"column":59},"end":{"line":10,"column":70}},"line":10},"2":{"name":"(anonymous_2)","decl":{"start":{"line":11,"column":11},"end":{"line":11,"column":12}},"loc":{"start":{"line":11,"column":17},"end":{"line":11,"column":68}},"line":11},"3":{"name":"(anonymous_3)","decl":{"start":{"line":15,"column":2},"end":{"line":15,"column":3}},"loc":{"start":{"line":15,"column":11},"end":{"line":23,"column":3}},"line":15},"4":{"name":"(anonymous_4)","decl":{"start":{"line":27,"column":7},"end":{"line":27,"column":8}},"loc":{"start":{"line":27,"column":33},"end":{"line":27,"column":54}},"line":27},"5":{"name":"(anonymous_5)","decl":{"start":{"line":28,"column":7},"end":{"line":28,"column":8}},"loc":{"start":{"line":28,"column":33},"end":{"line":28,"column":54}},"line":28},"6":{"name":"(anonymous_6)","decl":{"start":{"line":29,"column":7},"end":{"line":29,"column":8}},"loc":{"start":{"line":29,"column":33},"end":{"line":29,"column":54}},"line":29},"7":{"name":"(anonymous_7)","decl":{"start":{"line":30,"column":7},"end":{"line":30,"column":8}},"loc":{"start":{"line":30,"column":33},"end":{"line":30,"column":54}},"line":30},"8":{"name":"(anonymous_8)","decl":{"start":{"line":31,"column":7},"end":{"line":31,"column":8}},"loc":{"start":{"line":31,"column":33},"end":{"line":31,"column":42}},"line":31},"9":{"name":"(anonymous_9)","decl":{"start":{"line":42,"column":2},"end":{"line":42,"column":3}},"loc":{"start":{"line":42,"column":13},"end":{"line":49,"column":3}},"line":42},"10":{"name":"(anonymous_10)","decl":{"start":{"line":51,"column":2},"end":{"line":51,"column":3}},"loc":{"start":{"line":51,"column":17},"end":{"line":55,"column":3}},"line":51},"11":{"name":"(anonymous_11)","decl":{"start":{"line":57,"column":2},"end":{"line":57,"column":3}},"loc":{"start":{"line":57,"column":18},"end":{"line":63,"column":3}},"line":57},"12":{"name":"(anonymous_12)","decl":{"start":{"line":65,"column":2},"end":{"line":65,"column":3}},"loc":{"start":{"line":65,"column":15},"end":{"line":72,"column":3}},"line":65},"13":{"name":"(anonymous_13)","decl":{"start":{"line":74,"column":2},"end":{"line":74,"column":3}},"loc":{"start":{"line":74,"column":17},"end":{"line":86,"column":3}},"line":74},"14":{"name":"(anonymous_14)","decl":{"start":{"line":88,"column":2},"end":{"line":88,"column":3}},"loc":{"start":{"line":88,"column":13},"end":{"line":97,"column":3}},"line":88},"15":{"name":"(anonymous_15)","decl":{"start":{"line":99,"column":2},"end":{"line":99,"column":3}},"loc":{"start":{"line":99,"column":20},"end":{"line":113,"column":3}},"line":99},"16":{"name":"(anonymous_16)","decl":{"start":{"line":115,"column":2},"end":{"line":115,"column":3}},"loc":{"start":{"line":115,"column":33},"end":{"line":137,"column":3}},"line":115},"17":{"name":"(anonymous_17)","decl":{"start":{"line":139,"column":18},"end":{"line":139,"column":19}},"loc":{"start":{"line":139,"column":27},"end":{"line":168,"column":3}},"line":139},"18":{"name":"(anonymous_18)","decl":{"start":{"line":170,"column":2},"end":{"line":170,"column":3}},"loc":{"start":{"line":170,"column":22},"end":{"line":178,"column":3}},"line":170},"19":{"name":"(anonymous_19)","decl":{"start":{"line":180,"column":2},"end":{"line":180,"column":3}},"loc":{"start":{"line":180,"column":23},"end":{"line":182,"column":3}},"line":180},"20":{"name":"(anonymous_20)","decl":{"start":{"line":184,"column":2},"end":{"line":184,"column":3}},"loc":{"start":{"line":184,"column":25},"end":{"line":186,"column":3}},"line":184},"21":{"name":"(anonymous_21)","decl":{"start":{"line":188,"column":2},"end":{"line":188,"column":3}},"loc":{"start":{"line":188,"column":11},"end":{"line":325,"column":3}},"line":188},"22":{"name":"(anonymous_22)","decl":{"start":{"line":202,"column":25},"end":{"line":202,"column":26}},"loc":{"start":{"line":203,"column":18},"end":{"line":203,"column":70}},"line":203},"23":{"name":"(anonymous_23)","decl":{"start":{"line":210,"column":25},"end":{"line":210,"column":26}},"loc":{"start":{"line":210,"column":31},"end":{"line":210,"column":48}},"line":210},"24":{"name":"(anonymous_24)","decl":{"start":{"line":216,"column":25},"end":{"line":216,"column":26}},"loc":{"start":{"line":216,"column":31},"end":{"line":216,"column":50}},"line":216},"25":{"name":"(anonymous_25)","decl":{"start":{"line":224,"column":25},"end":{"line":224,"column":26}},"loc":{"start":{"line":224,"column":31},"end":{"line":224,"column":49}},"line":224},"26":{"name":"(anonymous_26)","decl":{"start":{"line":230,"column":25},"end":{"line":230,"column":26}},"loc":{"start":{"line":230,"column":31},"end":{"line":230,"column":46}},"line":230},"27":{"name":"(anonymous_27)","decl":{"start":{"line":236,"column":25},"end":{"line":236,"column":26}},"loc":{"start":{"line":236,"column":31},"end":{"line":236,"column":49}},"line":236},"28":{"name":"(anonymous_28)","decl":{"start":{"line":242,"column":25},"end":{"line":242,"column":26}},"loc":{"start":{"line":242,"column":31},"end":{"line":242,"column":49}},"line":242},"29":{"name":"(anonymous_29)","decl":{"start":{"line":248,"column":25},"end":{"line":248,"column":26}},"loc":{"start":{"line":248,"column":31},"end":{"line":248,"column":49}},"line":248},"30":{"name":"(anonymous_30)","decl":{"start":{"line":254,"column":25},"end":{"line":254,"column":26}},"loc":{"start":{"line":254,"column":31},"end":{"line":254,"column":49}},"line":254},"31":{"name":"(anonymous_31)","decl":{"start":{"line":260,"column":25},"end":{"line":260,"column":26}},"loc":{"start":{"line":260,"column":31},"end":{"line":260,"column":49}},"line":260},"32":{"name":"(anonymous_32)","decl":{"start":{"line":266,"column":25},"end":{"line":266,"column":26}},"loc":{"start":{"line":266,"column":31},"end":{"line":266,"column":49}},"line":266},"33":{"name":"(anonymous_33)","decl":{"start":{"line":272,"column":25},"end":{"line":272,"column":26}},"loc":{"start":{"line":272,"column":31},"end":{"line":272,"column":49}},"line":272},"34":{"name":"(anonymous_34)","decl":{"start":{"line":278,"column":25},"end":{"line":278,"column":26}},"loc":{"start":{"line":278,"column":31},"end":{"line":278,"column":49}},"line":278},"35":{"name":"(anonymous_35)","decl":{"start":{"line":284,"column":25},"end":{"line":284,"column":26}},"loc":{"start":{"line":284,"column":31},"end":{"line":284,"column":49}},"line":284},"36":{"name":"(anonymous_36)","decl":{"start":{"line":293,"column":23},"end":{"line":293,"column":24}},"loc":{"start":{"line":293,"column":29},"end":{"line":293,"column":55}},"line":293},"37":{"name":"(anonymous_37)","decl":{"start":{"line":299,"column":23},"end":{"line":299,"column":24}},"loc":{"start":{"line":299,"column":29},"end":{"line":299,"column":55}},"line":299},"38":{"name":"(anonymous_38)","decl":{"start":{"line":305,"column":23},"end":{"line":305,"column":24}},"loc":{"start":{"line":305,"column":29},"end":{"line":305,"column":55}},"line":305},"39":{"name":"(anonymous_39)","decl":{"start":{"line":311,"column":23},"end":{"line":311,"column":24}},"loc":{"start":{"line":311,"column":29},"end":{"line":311,"column":55}},"line":311},"40":{"name":"(anonymous_40)","decl":{"start":{"line":317,"column":23},"end":{"line":317,"column":24}},"loc":{"start":{"line":317,"column":29},"end":{"line":317,"column":55}},"line":317}},"branchMap":{"0":{"loc":{"start":{"line":16,"column":20},"end":{"line":16,"column":34}},"type":"default-arg","locations":[{"start":{"line":16,"column":32},"end":{"line":16,"column":34}}],"line":16},"1":{"loc":{"start":{"line":61,"column":20},"end":{"line":61,"column":77}},"type":"binary-expr","locations":[{"start":{"line":61,"column":20},"end":{"line":61,"column":70}},{"start":{"line":61,"column":74},"end":{"line":61,"column":77}}],"line":61},"2":{"loc":{"start":{"line":78,"column":4},"end":{"line":78,"column":34}},"type":"if","locations":[{"start":{"line":78,"column":4},"end":{"line":78,"column":34}},{"start":{"line":78,"column":4},"end":{"line":78,"column":34}}],"line":78},"3":{"loc":{"start":{"line":91,"column":4},"end":{"line":96,"column":5}},"type":"if","locations":[{"start":{"line":91,"column":4},"end":{"line":96,"column":5}},{"start":{"line":91,"column":4},"end":{"line":96,"column":5}}],"line":91},"4":{"loc":{"start":{"line":102,"column":4},"end":{"line":112,"column":5}},"type":"if","locations":[{"start":{"line":102,"column":4},"end":{"line":112,"column":5}},{"start":{"line":102,"column":4},"end":{"line":112,"column":5}}],"line":102},"5":{"loc":{"start":{"line":110,"column":10},"end":{"line":110,"column":69}},"type":"cond-expr","locations":[{"start":{"line":110,"column":33},"end":{"line":110,"column":46}},{"start":{"line":110,"column":49},"end":{"line":110,"column":69}}],"line":110},"6":{"loc":{"start":{"line":119,"column":4},"end":{"line":131,"column":5}},"type":"if","locations":[{"start":{"line":119,"column":4},"end":{"line":131,"column":5}},{"start":{"line":119,"column":4},"end":{"line":131,"column":5}}],"line":119},"7":{"loc":{"start":{"line":123,"column":11},"end":{"line":131,"column":5}},"type":"if","locations":[{"start":{"line":123,"column":11},"end":{"line":131,"column":5}},{"start":{"line":123,"column":11},"end":{"line":131,"column":5}}],"line":123},"8":{"loc":{"start":{"line":124,"column":27},"end":{"line":124,"column":37}},"type":"binary-expr","locations":[{"start":{"line":124,"column":27},"end":{"line":124,"column":32}},{"start":{"line":124,"column":36},"end":{"line":124,"column":37}}],"line":124},"9":{"loc":{"start":{"line":142,"column":4},"end":{"line":142,"column":34}},"type":"if","locations":[{"start":{"line":142,"column":4},"end":{"line":142,"column":34}},{"start":{"line":142,"column":4},"end":{"line":142,"column":34}}],"line":142},"10":{"loc":{"start":{"line":144,"column":4},"end":{"line":167,"column":5}},"type":"if","locations":[{"start":{"line":144,"column":4},"end":{"line":167,"column":5}},{"start":{"line":144,"column":4},"end":{"line":167,"column":5}}],"line":144},"11":{"loc":{"start":{"line":147,"column":11},"end":{"line":167,"column":5}},"type":"if","locations":[{"start":{"line":147,"column":11},"end":{"line":167,"column":5}},{"start":{"line":147,"column":11},"end":{"line":167,"column":5}}],"line":147},"12":{"loc":{"start":{"line":150,"column":11},"end":{"line":167,"column":5}},"type":"if","locations":[{"start":{"line":150,"column":11},"end":{"line":167,"column":5}},{"start":{"line":150,"column":11},"end":{"line":167,"column":5}}],"line":150},"13":{"loc":{"start":{"line":153,"column":11},"end":{"line":167,"column":5}},"type":"if","locations":[{"start":{"line":153,"column":11},"end":{"line":167,"column":5}},{"start":{"line":153,"column":11},"end":{"line":167,"column":5}}],"line":153},"14":{"loc":{"start":{"line":156,"column":11},"end":{"line":167,"column":5}},"type":"if","locations":[{"start":{"line":156,"column":11},"end":{"line":167,"column":5}},{"start":{"line":156,"column":11},"end":{"line":167,"column":5}}],"line":156},"15":{"loc":{"start":{"line":159,"column":11},"end":{"line":167,"column":5}},"type":"if","locations":[{"start":{"line":159,"column":11},"end":{"line":167,"column":5}},{"start":{"line":159,"column":11},"end":{"line":167,"column":5}}],"line":159},"16":{"loc":{"start":{"line":162,"column":6},"end":{"line":166,"column":7}},"type":"if","locations":[{"start":{"line":162,"column":6},"end":{"line":166,"column":7}},{"start":{"line":162,"column":6},"end":{"line":166,"column":7}}],"line":162},"17":{"loc":{"start":{"line":175,"column":4},"end":{"line":177,"column":5}},"type":"if","locations":[{"start":{"line":175,"column":4},"end":{"line":177,"column":5}},{"start":{"line":175,"column":4},"end":{"line":177,"column":5}}],"line":175},"18":{"loc":{"start":{"line":192,"column":22},"end":{"line":192,"column":47}},"type":"cond-expr","locations":[{"start":{"line":192,"column":37},"end":{"line":192,"column":40}},{"start":{"line":192,"column":43},"end":{"line":192,"column":47}}],"line":192},"19":{"loc":{"start":{"line":203,"column":18},"end":{"line":203,"column":70}},"type":"cond-expr","locations":[{"start":{"line":203,"column":33},"end":{"line":203,"column":52}},{"start":{"line":203,"column":55},"end":{"line":203,"column":70}}],"line":203}},"s":{"0":1,"1":1,"2":1,"3":1,"4":19,"5":19,"6":1,"7":0,"8":0,"9":0,"10":0,"11":0,"12":0,"13":0,"14":0,"15":0,"16":0,"17":0,"18":0,"19":0,"20":0,"21":0,"22":0,"23":0,"24":0,"25":0,"26":0,"27":0,"28":0,"29":0,"30":0,"31":0,"32":0,"33":0,"34":0,"35":0,"36":0,"37":0,"38":0,"39":0,"40":0,"41":0,"42":0,"43":0,"44":0,"45":0,"46":0,"47":0,"48":0,"49":0,"50":0,"51":0,"52":0,"53":0,"54":0,"55":0,"56":0,"57":0,"58":0,"59":0,"60":0,"61":0,"62":0,"63":0,"64":0,"65":1,"66":1,"67":1,"68":0,"69":0,"70":0,"71":1,"72":1,"73":1,"74":1,"75":0,"76":0,"77":0,"78":0,"79":0,"80":0,"81":0,"82":0,"83":0,"84":0,"85":0,"86":0,"87":0,"88":0,"89":0,"90":0,"91":0,"92":0,"93":0},"f":{"0":1,"1":1,"2":1,"3":19,"4":0,"5":0,"6":0,"7":0,"8":0,"9":0,"10":0,"11":0,"12":0,"13":0,"14":0,"15":0,"16":0,"17":0,"18":1,"19":0,"20":0,"21":1,"22":0,"23":0,"24":0,"25":0,"26":0,"27":0,"28":0,"29":0,"30":0,"31":0,"32":0,"33":0,"34":0,"35":0,"36":0,"37":0,"38":0,"39":0,"40":0},"b":{"0":[0],"1":[0,0],"2":[0,0],"3":[0,0],"4":[0,0],"5":[0,0],"6":[0,0],"7":[0,0],"8":[0,0],"9":[0,0],"10":[0,0],"11":[0,0],"12":[0,0],"13":[0,0],"14":[0,0],"15":[0,0],"16":[0,0],"17":[0,1],"18":[0,1],"19":[0,0]},"_coverageSchema":"332fd63041d2c1bcb487cc26dd0d5f7d97098a6c","hash":"a9f8b9960f87959582c9b7adc0d6bb8b4475726e"}
,"/home/oscles/Desktop/testing-workshop/other/configuration/calculator.solution/src/index.js": {"path":"/home/oscles/Desktop/testing-workshop/other/configuration/calculator.solution/src/index.js","statementMap":{"0":{"start":{"line":1,"column":0},"end":{"line":null,"column":-1}},"1":{"start":{"line":2,"column":0},"end":{"line":null,"column":-1}},"2":{"start":{"line":3,"column":0},"end":{"line":null,"column":-1}},"3":{"start":{"line":4,"column":0},"end":{"line":null,"column":-1}},"4":{"start":{"line":6,"column":0},"end":{"line":null,"column":-1}}},"fnMap":{},"branchMap":{},"s":{"0":0,"1":0,"2":0,"3":0,"4":0},"f":{},"b":{}}
,"/home/oscles/Desktop/testing-workshop/other/configuration/calculator.solution/src/utils.js": {"path":"/home/oscles/Desktop/testing-workshop/other/configuration/calculator.solution/src/utils.js","statementMap":{"0":{"start":{"line":2,"column":23},"end":{"line":5,"column":4}},"1":{"start":{"line":8,"column":16},"end":{"line":8,"column":42}},"2":{"start":{"line":10,"column":2},"end":{"line":12,"column":3}},"3":{"start":{"line":11,"column":4},"end":{"line":11,"column":66}},"4":{"start":{"line":13,"column":2},"end":{"line":13,"column":23}}},"fnMap":{"0":{"name":"getFormattedValue","decl":{"start":{"line":1,"column":9},"end":{"line":1,"column":26}},"loc":{"start":{"line":1,"column":54},"end":{"line":14,"column":1}},"line":1}},"branchMap":{"0":{"loc":{"start":{"line":1,"column":34},"end":{"line":1,"column":52}},"type":"default-arg","locations":[{"start":{"line":1,"column":45},"end":{"line":1,"column":52}}],"line":1},"1":{"loc":{"start":{"line":10,"column":2},"end":{"line":12,"column":3}},"type":"if","locations":[{"start":{"line":10,"column":2},"end":{"line":12,"column":3}},{"start":{"line":10,"column":2},"end":{"line":12,"column":3}}],"line":10},"2":{"loc":{"start":{"line":11,"column":22},"end":{"line":11,"column":66}},"type":"cond-expr","locations":[{"start":{"line":11,"column":47},"end":{"line":11,"column":55}},{"start":{"line":11,"column":58},"end":{"line":11,"column":66}}],"line":11}},"s":{"0":2,"1":2,"2":2,"3":1,"4":2},"f":{"0":2},"b":{"0":[1],"1":[1,1],"2":[0,1]},"_coverageSchema":"332fd63041d2c1bcb487cc26dd0d5f7d97098a6c","hash":"aba033955a0b111bb10a78cef9ab1fae2c6f4d3c"}
,"/home/oscles/Desktop/testing-workshop/server/src/index.js": {"path":"/home/oscles/Desktop/testing-workshop/server/src/index.js","statementMap":{"0":{"start":{"line":1,"column":0},"end":{"line":null,"column":-1}},"1":{"start":{"line":2,"column":0},"end":{"line":null,"column":-1}},"2":{"start":{"line":4,"column":16},"end":{"line":4,"column":0}},"3":{"start":{"line":5,"column":21},"end":{"line":5,"column":0}},"4":{"start":{"line":6,"column":17},"end":{"line":6,"column":0}},"5":{"start":{"line":8,"column":0},"end":{"line":null,"column":-1}},"6":{"start":{"line":10,"column":0},"end":{"line":null,"column":-1}}},"fnMap":{},"branchMap":{"0":{"loc":{"start":{"line":6,"column":17},"end":{"line":6,"column":16}},"type":"binary-expr","locations":[{"start":{"line":6,"column":17},"end":{"line":6,"column":16}},{"start":{"line":6,"column":43},"end":{"line":6,"column":17}}]},"1":{"loc":{"start":{"line":6,"column":53},"end":{"line":6,"column":43}},"type":"cond-expr","locations":[{"start":{"line":6,"column":53},"end":{"line":6,"column":43}},{"start":{"line":6,"column":62},"end":{"line":6,"column":17}}]},"2":{"loc":{"start":{"line":10,"column":34},"end":{"line":10,"column":19}},"type":"cond-expr","locations":[{"start":{"line":10,"column":34},"end":{"line":10,"column":19}},{"start":{"line":10,"column":53},"end":{"line":10,"column":12}}]}},"s":{"0":0,"1":0,"2":0,"3":0,"4":0,"5":0,"6":0},"f":{},"b":{"0":[0,0],"1":[0,0],"2":[0,0]}}
,"/home/oscles/Desktop/testing-workshop/server/src/start.js": {"path":"/home/oscles/Desktop/testing-workshop/server/src/start.js","statementMap":{"0":{"start":{"line":12,"column":2},"end":{"line":12,"column":41}},"1":{"start":{"line":13,"column":14},"end":{"line":13,"column":23}},"2":{"start":{"line":14,"column":2},"end":{"line":14,"column":17}},"3":{"start":{"line":15,"column":2},"end":{"line":15,"column":28}},"4":{"start":{"line":16,"column":2},"end":{"line":16,"column":32}},"5":{"start":{"line":17,"column":2},"end":{"line":17,"column":34}},"6":{"start":{"line":19,"column":2},"end":{"line":19,"column":18}},"7":{"start":{"line":21,"column":2},"end":{"line":32,"column":4}},"8":{"start":{"line":22,"column":19},"end":{"line":31,"column":6}},"9":{"start":{"line":23,"column":6},"end":{"line":23,"column":63}},"10":{"start":{"line":24,"column":28},"end":{"line":24,"column":53}},"11":{"start":{"line":25,"column":6},"end":{"line":29,"column":7}},"12":{"start":{"line":26,"column":8},"end":{"line":28,"column":10}},"13":{"start":{"line":27,"column":10},"end":{"line":27,"column":37}},"14":{"start":{"line":30,"column":6},"end":{"line":30,"column":21}}},"fnMap":{"0":{"name":"startServer","decl":{"start":{"line":11,"column":15},"end":{"line":11,"column":26}},"loc":{"start":{"line":11,"column":66},"end":{"line":33,"column":1}},"line":11},"1":{"name":"(anonymous_1)","decl":{"start":{"line":21,"column":21},"end":{"line":21,"column":22}},"loc":{"start":{"line":21,"column":32},"end":{"line":32,"column":3}},"line":21},"2":{"name":"(anonymous_2)","decl":{"start":{"line":22,"column":36},"end":{"line":22,"column":37}},"loc":{"start":{"line":22,"column":42},"end":{"line":31,"column":5}},"line":22},"3":{"name":"(anonymous_3)","decl":{"start":{"line":25,"column":21},"end":{"line":25,"column":22}},"loc":{"start":{"line":25,"column":27},"end":{"line":29,"column":7}},"line":25},"4":{"name":"(anonymous_4)","decl":{"start":{"line":26,"column":27},"end":{"line":26,"column":28}},"loc":{"start":{"line":26,"column":43},"end":{"line":28,"column":9}},"line":26}},"branchMap":{"0":{"loc":{"start":{"line":11,"column":27},"end":{"line":11,"column":64}},"type":"default-arg","locations":[{"start":{"line":11,"column":62},"end":{"line":11,"column":64}}],"line":11},"1":{"loc":{"start":{"line":11,"column":28},"end":{"line":11,"column":58}},"type":"default-arg","locations":[{"start":{"line":11,"column":35},"end":{"line":11,"column":58}}],"line":11},"2":{"loc":{"start":{"line":12,"column":9},"end":{"line":12,"column":41}},"type":"binary-expr","locations":[{"start":{"line":12,"column":9},"end":{"line":12,"column":13}},{"start":{"line":12,"column":18},"end":{"line":12,"column":40}}],"line":12}},"s":{"0":4,"1":4,"2":4,"3":4,"4":4,"5":4,"6":4,"7":4,"8":4,"9":4,"10":4,"11":4,"12":4,"13":4,"14":4},"f":{"0":4,"1":4,"2":4,"3":4,"4":4},"b":{"0":[0],"1":[0],"2":[4,0]},"_coverageSchema":"332fd63041d2c1bcb487cc26dd0d5f7d97098a6c","hash":"cbf70e6f7f4ed5c49a8238b11a91a2fb71c52998"}
,"/home/oscles/Desktop/testing-workshop/server/src/controllers/auth.js": {"path":"/home/oscles/Desktop/testing-workshop/server/src/controllers/auth.js","statementMap":{"0":{"start":{"line":5,"column":23},"end":{"line":8,"column":2}},"1":{"start":{"line":5,"column":32},"end":{"line":8,"column":1}},"2":{"start":{"line":11,"column":31},"end":{"line":11,"column":39}},"3":{"start":{"line":12,"column":2},"end":{"line":14,"column":3}},"4":{"start":{"line":13,"column":4},"end":{"line":13,"column":71}},"5":{"start":{"line":16,"column":2},"end":{"line":18,"column":3}},"6":{"start":{"line":17,"column":4},"end":{"line":17,"column":71}},"7":{"start":{"line":19,"column":23},"end":{"line":19,"column":75}},"8":{"start":{"line":19,"column":47},"end":{"line":19,"column":70}},"9":{"start":{"line":20,"column":2},"end":{"line":22,"column":3}},"10":{"start":{"line":21,"column":4},"end":{"line":21,"column":62}},"11":{"start":{"line":23,"column":18},"end":{"line":26,"column":4}},"12":{"start":{"line":27,"column":2},"end":{"line":27,"column":50}},"13":{"start":{"line":31,"column":2},"end":{"line":33,"column":3}},"14":{"start":{"line":32,"column":4},"end":{"line":32,"column":71}},"15":{"start":{"line":35,"column":2},"end":{"line":37,"column":3}},"16":{"start":{"line":36,"column":4},"end":{"line":36,"column":71}},"17":{"start":{"line":38,"column":23},"end":{"line":38,"column":57}},"18":{"start":{"line":40,"column":2},"end":{"line":44,"column":3}},"19":{"start":{"line":41,"column":4},"end":{"line":41,"column":49}},"20":{"start":{"line":43,"column":4},"end":{"line":43,"column":37}},"21":{"start":{"line":48,"column":2},"end":{"line":56,"column":4}},"22":{"start":{"line":49,"column":4},"end":{"line":55,"column":22}},"23":{"start":{"line":50,"column":6},"end":{"line":54,"column":7}},"24":{"start":{"line":51,"column":8},"end":{"line":51,"column":19}},"25":{"start":{"line":53,"column":8},"end":{"line":53,"column":29}},"26":{"start":{"line":60,"column":2},"end":{"line":64,"column":3}},"27":{"start":{"line":61,"column":4},"end":{"line":61,"column":53}},"28":{"start":{"line":63,"column":4},"end":{"line":63,"column":33}}},"fnMap":{"0":{"name":"(anonymous_0)","decl":{"start":{"line":5,"column":23},"end":{"line":5,"column":24}},"loc":{"start":{"line":5,"column":32},"end":{"line":8,"column":1}},"line":5},"1":{"name":"register","decl":{"start":{"line":10,"column":15},"end":{"line":10,"column":23}},"loc":{"start":{"line":10,"column":34},"end":{"line":28,"column":1}},"line":10},"2":{"name":"(anonymous_2)","decl":{"start":{"line":19,"column":42},"end":{"line":19,"column":43}},"loc":{"start":{"line":19,"column":47},"end":{"line":19,"column":70}},"line":19},"3":{"name":"login","decl":{"start":{"line":30,"column":15},"end":{"line":30,"column":20}},"loc":{"start":{"line":30,"column":37},"end":{"line":45,"column":1}},"line":30},"4":{"name":"authenticate","decl":{"start":{"line":47,"column":9},"end":{"line":47,"column":21}},"loc":{"start":{"line":47,"column":38},"end":{"line":57,"column":1}},"line":47},"5":{"name":"(anonymous_5)","decl":{"start":{"line":48,"column":21},"end":{"line":48,"column":22}},"loc":{"start":{"line":48,"column":42},"end":{"line":56,"column":3}},"line":48},"6":{"name":"(anonymous_6)","decl":{"start":{"line":49,"column":53},"end":{"line":49,"column":54}},"loc":{"start":{"line":49,"column":74},"end":{"line":55,"column":5}},"line":49},"7":{"name":"me","decl":{"start":{"line":59,"column":15},"end":{"line":59,"column":17}},"loc":{"start":{"line":59,"column":28},"end":{"line":65,"column":1}},"line":59}},"branchMap":{"0":{"loc":{"start":{"line":12,"column":2},"end":{"line":14,"column":3}},"type":"if","locations":[{"start":{"line":12,"column":2},"end":{"line":14,"column":3}},{"start":{"line":12,"column":2},"end":{"line":14,"column":3}}],"line":12},"1":{"loc":{"start":{"line":16,"column":2},"end":{"line":18,"column":3}},"type":"if","locations":[{"start":{"line":16,"column":2},"end":{"line":18,"column":3}},{"start":{"line":16,"column":2},"end":{"line":18,"column":3}}],"line":16},"2":{"loc":{"start":{"line":20,"column":2},"end":{"line":22,"column":3}},"type":"if","locations":[{"start":{"line":20,"column":2},"end":{"line":22,"column":3}},{"start":{"line":20,"column":2},"end":{"line":22,"column":3}}],"line":20},"3":{"loc":{"start":{"line":31,"column":2},"end":{"line":33,"column":3}},"type":"if","locations":[{"start":{"line":31,"column":2},"end":{"line":33,"column":3}},{"start":{"line":31,"column":2},"end":{"line":33,"column":3}}],"line":31},"4":{"loc":{"start":{"line":35,"column":2},"end":{"line":37,"column":3}},"type":"if","locations":[{"start":{"line":35,"column":2},"end":{"line":37,"column":3}},{"start":{"line":35,"column":2},"end":{"line":37,"column":3}}],"line":35},"5":{"loc":{"start":{"line":40,"column":2},"end":{"line":44,"column":3}},"type":"if","locations":[{"start":{"line":40,"column":2},"end":{"line":44,"column":3}},{"start":{"line":40,"column":2},"end":{"line":44,"column":3}}],"line":40},"6":{"loc":{"start":{"line":50,"column":6},"end":{"line":54,"column":7}},"type":"if","locations":[{"start":{"line":50,"column":6},"end":{"line":54,"column":7}},{"start":{"line":50,"column":6},"end":{"line":54,"column":7}}],"line":50},"7":{"loc":{"start":{"line":60,"column":2},"end":{"line":64,"column":3}},"type":"if","locations":[{"start":{"line":60,"column":2},"end":{"line":64,"column":3}},{"start":{"line":60,"column":2},"end":{"line":64,"column":3}}],"line":60}},"s":{"0":5,"1":7,"2":9,"3":9,"4":2,"5":7,"6":2,"7":5,"8":34,"9":5,"10":2,"11":3,"12":3,"13":9,"14":2,"15":7,"16":2,"17":5,"18":4,"19":2,"20":2,"21":5,"22":5,"23":5,"24":1,"25":4,"26":3,"27":2,"28":1},"f":{"0":7,"1":9,"2":34,"3":9,"4":5,"5":5,"6":5,"7":3},"b":{"0":[2,7],"1":[2,5],"2":[2,3],"3":[2,7],"4":[2,5],"5":[2,2],"6":[1,4],"7":[2,1]},"_coverageSchema":"332fd63041d2c1bcb487cc26dd0d5f7d97098a6c","hash":"b6ae78ace767159fa5af7daeee1e1b7baa458c7b"}
,"/home/oscles/Desktop/testing-workshop/server/src/controllers/auth.todo.js": {"path":"/home/oscles/Desktop/testing-workshop/server/src/controllers/auth.todo.js","statementMap":{"0":{"start":{"line":5,"column":23},"end":{"line":8,"column":2}},"1":{"start":{"line":5,"column":32},"end":{"line":8,"column":1}},"2":{"start":{"line":11,"column":31},"end":{"line":11,"column":39}},"3":{"start":{"line":12,"column":2},"end":{"line":14,"column":3}},"4":{"start":{"line":13,"column":4},"end":{"line":13,"column":71}},"5":{"start":{"line":16,"column":2},"end":{"line":18,"column":3}},"6":{"start":{"line":17,"column":4},"end":{"line":17,"column":71}},"7":{"start":{"line":19,"column":23},"end":{"line":19,"column":75}},"8":{"start":{"line":19,"column":47},"end":{"line":19,"column":70}},"9":{"start":{"line":20,"column":2},"end":{"line":22,"column":3}},"10":{"start":{"line":21,"column":4},"end":{"line":21,"column":62}},"11":{"start":{"line":23,"column":18},"end":{"line":26,"column":4}},"12":{"start":{"line":27,"column":2},"end":{"line":27,"column":50}},"13":{"start":{"line":31,"column":2},"end":{"line":33,"column":3}},"14":{"start":{"line":32,"column":4},"end":{"line":32,"column":71}},"15":{"start":{"line":35,"column":2},"end":{"line":37,"column":3}},"16":{"start":{"line":36,"column":4},"end":{"line":36,"column":71}},"17":{"start":{"line":38,"column":23},"end":{"line":38,"column":57}},"18":{"start":{"line":40,"column":2},"end":{"line":44,"column":3}},"19":{"start":{"line":41,"column":4},"end":{"line":41,"column":49}},"20":{"start":{"line":43,"column":4},"end":{"line":43,"column":37}},"21":{"start":{"line":48,"column":2},"end":{"line":56,"column":4}},"22":{"start":{"line":49,"column":4},"end":{"line":55,"column":22}},"23":{"start":{"line":50,"column":6},"end":{"line":54,"column":7}},"24":{"start":{"line":51,"column":8},"end":{"line":51,"column":19}},"25":{"start":{"line":53,"column":8},"end":{"line":53,"column":29}},"26":{"start":{"line":60,"column":2},"end":{"line":67,"column":3}},"27":{"start":{"line":64,"column":4},"end":{"line":64,"column":37}},"28":{"start":{"line":66,"column":4},"end":{"line":66,"column":33}}},"fnMap":{"0":{"name":"(anonymous_0)","decl":{"start":{"line":5,"column":23},"end":{"line":5,"column":24}},"loc":{"start":{"line":5,"column":32},"end":{"line":8,"column":1}},"line":5},"1":{"name":"register","decl":{"start":{"line":10,"column":15},"end":{"line":10,"column":23}},"loc":{"start":{"line":10,"column":34},"end":{"line":28,"column":1}},"line":10},"2":{"name":"(anonymous_2)","decl":{"start":{"line":19,"column":42},"end":{"line":19,"column":43}},"loc":{"start":{"line":19,"column":47},"end":{"line":19,"column":70}},"line":19},"3":{"name":"login","decl":{"start":{"line":30,"column":15},"end":{"line":30,"column":20}},"loc":{"start":{"line":30,"column":37},"end":{"line":45,"column":1}},"line":30},"4":{"name":"authenticate","decl":{"start":{"line":47,"column":9},"end":{"line":47,"column":21}},"loc":{"start":{"line":47,"column":38},"end":{"line":57,"column":1}},"line":47},"5":{"name":"(anonymous_5)","decl":{"start":{"line":48,"column":21},"end":{"line":48,"column":22}},"loc":{"start":{"line":48,"column":42},"end":{"line":56,"column":3}},"line":48},"6":{"name":"(anonymous_6)","decl":{"start":{"line":49,"column":53},"end":{"line":49,"column":54}},"loc":{"start":{"line":49,"column":74},"end":{"line":55,"column":5}},"line":49},"7":{"name":"me","decl":{"start":{"line":59,"column":15},"end":{"line":59,"column":17}},"loc":{"start":{"line":59,"column":28},"end":{"line":68,"column":1}},"line":59}},"branchMap":{"0":{"loc":{"start":{"line":12,"column":2},"end":{"line":14,"column":3}},"type":"if","locations":[{"start":{"line":12,"column":2},"end":{"line":14,"column":3}},{"start":{"line":12,"column":2},"end":{"line":14,"column":3}}],"line":12},"1":{"loc":{"start":{"line":16,"column":2},"end":{"line":18,"column":3}},"type":"if","locations":[{"start":{"line":16,"column":2},"end":{"line":18,"column":3}},{"start":{"line":16,"column":2},"end":{"line":18,"column":3}}],"line":16},"2":{"loc":{"start":{"line":20,"column":2},"end":{"line":22,"column":3}},"type":"if","locations":[{"start":{"line":20,"column":2},"end":{"line":22,"column":3}},{"start":{"line":20,"column":2},"end":{"line":22,"column":3}}],"line":20},"3":{"loc":{"start":{"line":31,"column":2},"end":{"line":33,"column":3}},"type":"if","locations":[{"start":{"line":31,"column":2},"end":{"line":33,"column":3}},{"start":{"line":31,"column":2},"end":{"line":33,"column":3}}],"line":31},"4":{"loc":{"start":{"line":35,"column":2},"end":{"line":37,"column":3}},"type":"if","locations":[{"start":{"line":35,"column":2},"end":{"line":37,"column":3}},{"start":{"line":35,"column":2},"end":{"line":37,"column":3}}],"line":35},"5":{"loc":{"start":{"line":40,"column":2},"end":{"line":44,"column":3}},"type":"if","locations":[{"start":{"line":40,"column":2},"end":{"line":44,"column":3}},{"start":{"line":40,"column":2},"end":{"line":44,"column":3}}],"line":40},"6":{"loc":{"start":{"line":50,"column":6},"end":{"line":54,"column":7}},"type":"if","locations":[{"start":{"line":50,"column":6},"end":{"line":54,"column":7}},{"start":{"line":50,"column":6},"end":{"line":54,"column":7}}],"line":50},"7":{"loc":{"start":{"line":60,"column":2},"end":{"line":67,"column":3}},"type":"if","locations":[{"start":{"line":60,"column":2},"end":{"line":67,"column":3}},{"start":{"line":60,"column":2},"end":{"line":67,"column":3}}],"line":60}},"s":{"0":1,"1":2,"2":4,"3":4,"4":1,"5":3,"6":1,"7":2,"8":2,"9":2,"10":1,"11":1,"12":1,"13":5,"
[...]
ine":30,"column":23}},"type":"cond-expr","locations":[{"start":{"line":29,"column":14},"end":{"line":29,"column":32}},{"start":{"line":30,"column":14},"end":{"line":30,"column":23}}],"line":28},"4":{"loc":{"start":{"line":28,"column":10},"end":{"line":28,"column":51}},"type":"binary-expr","locations":[{"start":{"line":28,"column":10},"end":{"line":28,"column":18}},{"start":{"line":28,"column":22},"end":{"line":28,"column":51}}],"line":28},"5":{"loc":{"start":{"line":39,"column":2},"end":{"line":41,"column":3}},"type":"if","locations":[{"start":{"line":39,"column":2},"end":{"line":41,"column":3}},{"start":{"line":39,"column":2},"end":{"line":41,"column":3}}],"line":39},"6":{"loc":{"start":{"line":39,"column":6},"end":{"line":39,"column":48}},"type":"binary-expr","locations":[{"start":{"line":39,"column":6},"end":{"line":39,"column":15}},{"start":{"line":39,"column":19},"end":{"line":39,"column":48}}],"line":39},"7":{"loc":{"start":{"line":43,"column":2},"end":{"line":47,"column":3}},"type":"if","locations":[{"start":{"line":43,"column":2},"end":{"line":47,"column":3}},{"start":{"line":43,"column":2},"end":{"line":47,"column":3}}],"line":43},"8":{"loc":{"start":{"line":51,"column":2},"end":{"line":53,"column":3}},"type":"if","locations":[{"start":{"line":51,"column":2},"end":{"line":53,"column":3}},{"start":{"line":51,"column":2},"end":{"line":53,"column":3}}],"line":51},"9":{"loc":{"start":{"line":51,"column":6},"end":{"line":51,"column":48}},"type":"binary-expr","locations":[{"start":{"line":51,"column":6},"end":{"line":51,"column":15}},{"start":{"line":51,"column":19},"end":{"line":51,"column":48}}],"line":51},"10":{"loc":{"start":{"line":55,"column":2},"end":{"line":57,"column":3}},"type":"if","locations":[{"start":{"line":55,"column":2},"end":{"line":57,"column":3}},{"start":{"line":55,"column":2},"end":{"line":57,"column":3}}],"line":55}},"s":{"0":4,"1":4,"2":0,"3":2,"4":2,"5":2,"6":20,"7":0,"8":7,"9":7,"10":5,"11":2,"12":3,"13":0,"14":3,"15":3,"16":3,"17":0,"18":5,"19":1,"20":4,"21":4,"22":1,"23":3,"24":3},"f":{"0":4,"1":2,"2":20,"3":7,"4":3,"5":5},"b":{"0":[4,0],"1":[2,0],"2":[5,2],"3":[2,3],"4":[5,2],"5":[0,3],"6":[3,3],"7":[3,0],"8":[1,4],"9":[5,4],"10":[1,3]},"_coverageSchema":"332fd63041d2c1bcb487cc26dd0d5f7d97098a6c","hash":"2bfa2a832a1408756695bd56315f1f0eb88ab6af"}
,"/home/oscles/Desktop/testing-workshop/server/src/controllers/users.todo.js": {"path":"/home/oscles/Desktop/testing-workshop/server/src/controllers/users.todo.js","statementMap":{"0":{"start":{"line":1,"column":0},"end":{"line":null,"column":-1}},"1":{"start":{"line":2,"column":0},"end":{"line":null,"column":-1}},"2":{"start":{"line":5,"column":2},"end":{"line":9,"column":3}},"3":{"start":{"line":6,"column":4},"end":{"line":null,"column":-1}},"4":{"start":{"line":8,"column":4},"end":{"line":null,"column":-1}},"5":{"start":{"line":13,"column":16},"end":{"line":13,"column":2}},"6":{"start":{"line":14,"column":2},"end":{"line":18,"column":3}},"7":{"start":{"line":15,"column":4},"end":{"line":null,"column":-1}},"8":{"start":{"line":15,"column":43},"end":{"line":15,"column":28}},"9":{"start":{"line":17,"column":4},"end":{"line":null,"column":-1}},"10":{"start":{"line":22,"column":15},"end":{"line":22,"column":2}},"11":{"start":{"line":23,"column":2},"end":{"line":35,"column":3}},"12":{"start":{"line":24,"column":4},"end":{"line":null,"column":-1}},"13":{"start":{"line":34,"column":4},"end":{"line":null,"column":-1}},"14":{"start":{"line":39,"column":2},"end":{"line":41,"column":3}},"15":{"start":{"line":40,"column":4},"end":{"line":null,"column":-1}},"16":{"start":{"line":42,"column":15},"end":{"line":42,"column":2}},"17":{"start":{"line":43,"column":2},"end":{"line":47,"column":3}},"18":{"start":{"line":44,"column":4},"end":{"line":null,"column":-1}},"19":{"start":{"line":46,"column":4},"end":{"line":null,"column":-1}}},"fnMap":{"0":{"name":"authorize","decl":{"start":{"line":4,"column":9},"end":{"line":4,"column":0}},"loc":{"start":{"line":4,"column":35},"end":{"line":10,"column":1}}},"1":{"name":"getUsers","decl":{"start":{"line":12,"column":15},"end":{"line":12,"column":0}},"loc":{"start":{"line":12,"column":34},"end":{"line":19,"column":1}}},"2":{"name":"(anonymous_4)","decl":{"start":{"line":15,"column":38},"end":{"line":15,"column":42}},"loc":{"start":{"line":15,"column":43},"end":{"line":15,"column":28}}},"3":{"name":"getUser","decl":{"start":{"line":21,"column":15},"end":{"line":21,"column":0}},"loc":{"start":{"line":21,"column":33},"end":{"line":36,"column":1}}},"4":{"name":"updateUser","decl":{"start":{"line":38,"column":15},"end":{"line":38,"column":0}},"loc":{"start":{"line":38,"column":36},"end":{"line":48,"column":1}}}},"branchMap":{"0":{"loc":{"start":{"line":5,"column":2},"end":{"line":9,"column":3}},"type":"if","locations":[{"start":{"line":5,"column":2},"end":{"line":9,"column":3}},{"start":{"line":5,"column":2},"end":{"line":9,"column":3}}]},"1":{"loc":{"start":{"line":14,"column":2},"end":{"line":18,"column":3}},"type":"if","locations":[{"start":{"line":14,"column":2},"end":{"line":18,"column":3}},{"start":{"line":14,"column":2},"end":{"line":18,"column":3}}]},"2":{"loc":{"start":{"line":23,"column":2},"end":{"line":35,"column":3}},"type":"if","locations":[{"start":{"line":23,"column":2},"end":{"line":35,"column":3}},{"start":{"line":23,"column":2},"end":{"line":35,"column":3}}]},"3":{"loc":{"start":{"line":29,"column":14},"end":{"line":28,"column":10}},"type":"cond-expr","locations":[{"start":{"line":29,"column":14},"end":{"line":28,"column":10}},{"start":{"line":30,"column":14},"end":{"line":null,"column":-1}}]},"4":{"loc":{"start":{"line":28,"column":10},"end":{"line":28,"column":9}},"type":"binary-expr","locations":[{"start":{"line":28,"column":10},"end":{"line":28,"column":9}},{"start":{"line":28,"column":22},"end":{"line":28,"column":10}}]},"5":{"loc":{"start":{"line":39,"column":2},"end":{"line":41,"column":3}},"type":"if","locations":[{"start":{"line":39,"column":2},"end":{"line":41,"column":3}},{"start":{"line":39,"column":2},"end":{"line":41,"column":3}}]},"6":{"loc":{"start":{"line":39,"column":6},"end":{"line":39,"column":5}},"type":"binary-expr","locations":[{"start":{"line":39,"column":6},"end":{"line":39,"column":5}},{"start":{"line":39,"column":19},"end":{"line":39,"column":2}}]},"7":{"loc":{"start":{"line":43,"column":2},"end":{"line":47,"column":3}},"type":"if","locations":[{"start":{"line":43,"column":2},"end":{"line":47,"column":3}},{"start":{"line":43,"column":2},"end":{"line":47,"column":3}}]}},"s":{"0":0,"1":0,"2":0,"3":0,"4":0,"5":0,"6":0,"7":0,"8":0,"9":0,"10":0,"11":0,"12":0,"13":0,"14":0,"15":0,"16":0,"17":0,"18":0,"19":0},"f":{"0":0,"1":0,"2":0,"3":0,"4":0},"b":{"0":[0,0],"1":[0,0],"2":[0,0],"3":[0,0],"4":[0,0],"5":[0,0],"6":[0,0],"7":[0,0]}}
,"/home/oscles/Desktop/testing-workshop/server/src/routes/auth.js": {"path":"/home/oscles/Desktop/testing-workshop/server/src/routes/auth.js","statementMap":{"0":{"start":{"line":5,"column":2},"end":{"line":5,"column":51}},"1":{"start":{"line":6,"column":2},"end":{"line":6,"column":45}},"2":{"start":{"line":7,"column":2},"end":{"line":7,"column":63}}},"fnMap":{"0":{"name":"setupAuthRoutes","decl":{"start":{"line":4,"column":9},"end":{"line":4,"column":24}},"loc":{"start":{"line":4,"column":33},"end":{"line":8,"column":1}},"line":4}},"branchMap":{},"s":{"0":4,"1":4,"2":4},"f":{"0":4},"b":{},"_coverageSchema":"332fd63041d2c1bcb487cc26dd0d5f7d97098a6c","hash":"9347ba0eb01a980cff3ccfdf8f54d60e3e5740db"}
,"/home/oscles/Desktop/testing-workshop/server/src/routes/index.js": {"path":"/home/oscles/Desktop/testing-workshop/server/src/routes/index.js","statementMap":{"0":{"start":{"line":7,"column":21},"end":{"line":7,"column":37}},"1":{"start":{"line":8,"column":2},"end":{"line":8,"column":29}},"2":{"start":{"line":9,"column":2},"end":{"line":9,"column":34}},"3":{"start":{"line":11,"column":21},"end":{"line":11,"column":37}},"4":{"start":{"line":12,"column":2},"end":{"line":12,"column":29}},"5":{"start":{"line":13,"column":2},"end":{"line":13,"column":35}},"6":{"start":{"line":15,"column":21},"end":{"line":15,"column":37}},"7":{"start":{"line":16,"column":2},"end":{"line":16,"column":29}},"8":{"start":{"line":17,"column":2},"end":{"line":17,"column":35}}},"fnMap":{"0":{"name":"setupRoutes","decl":{"start":{"line":6,"column":9},"end":{"line":6,"column":20}},"loc":{"start":{"line":6,"column":26},"end":{"line":18,"column":1}},"line":6}},"branchMap":{},"s":{"0":4,"1":4,"2":4,"3":4,"4":4,"5":4,"6":4,"7":4,"8":4},"f":{"0":4},"b":{},"_coverageSchema":"332fd63041d2c1bcb487cc26dd0d5f7d97098a6c","hash":"b7f7f8500f39dcdff31b1e359becb335445cfb42"}
,"/home/oscles/Desktop/testing-workshop/server/src/routes/posts.js": {"path":"/home/oscles/Desktop/testing-workshop/server/src/routes/posts.js","statementMap":{"0":{"start":{"line":5,"column":2},"end":{"line":5,"column":42}},"1":{"start":{"line":6,"column":2},"end":{"line":6,"column":44}},"2":{"start":{"line":7,"column":2},"end":{"line":7,"column":70}},"3":{"start":{"line":9,"column":2},"end":{"line":14,"column":3}},"4":{"start":{"line":16,"column":2},"end":{"line":21,"column":3}}},"fnMap":{"0":{"name":"setupPostRoutes","decl":{"start":{"line":4,"column":9},"end":{"line":4,"column":24}},"loc":{"start":{"line":4,"column":33},"end":{"line":22,"column":1}},"line":4}},"branchMap":{},"s":{"0":4,"1":4,"2":4,"3":4,"4":4},"f":{"0":4},"b":{},"_coverageSchema":"332fd63041d2c1bcb487cc26dd0d5f7d97098a6c","hash":"2c661f68370998015abf3078b08e425a391d2c38"}
,"/home/oscles/Desktop/testing-workshop/server/src/routes/users.js": {"path":"/home/oscles/Desktop/testing-workshop/server/src/routes/users.js","statementMap":{"0":{"start":{"line":5,"column":2},"end":{"line":5,"column":42}},"1":{"start":{"line":7,"column":2},"end":{"line":7,"column":69}},"2":{"start":{"line":9,"column":2},"end":{"line":14,"column":3}},"3":{"start":{"line":16,"column":2},"end":{"line":21,"column":3}}},"fnMap":{"0":{"name":"setupUserRoutes","decl":{"start":{"line":4,"column":9},"end":{"line":4,"column":24}},"loc":{"start":{"line":4,"column":33},"end":{"line":22,"column":1}},"line":4}},"branchMap":{},"s":{"0":4,"1":4,"2":4,"3":4},"f":{"0":4},"b":{},"_coverageSchema":"332fd63041d2c1bcb487cc26dd0d5f7d97098a6c","hash":"452677f0455b0c229a1c8f40f7ea60ec0aeb30dd"}
,"/home/oscles/Desktop/testing-workshop/server/src/utils/auth.js": {"path":"/home/oscles/Desktop/testing-workshop/server/src/utils/auth.js","statementMap":{"0":{"start":{"line":12,"column":23},"end":{"line":20,"column":1}},"1":{"start":{"line":23,"column":2},"end":{"line":36,"column":4}},"2":{"start":{"line":25,"column":4},"end":{"line":29,"column":5}},"3":{"start":{"line":26,"column":6},"end":{"line":26,"column":65}},"4":{"start":{"line":26,"column":37},"end":{"line":26,"column":60}},"5":{"start":{"line":28,"column":6},"end":{"line":28,"column":24}},"6":{"start":{"line":30,"column":4},"end":{"line":34,"column":5}},"7":{"start":{"line":31,"column":6},"end":{"line":33,"column":8}},"8":{"start":{"line":35,"column":4},"end":{"line":35,"column":39}},"9":{"start":{"line":40,"column":2},"end":{"line":40,"column":51}},"10":{"start":{"line":44,"column":2},"end":{"line":44,"column":74}}},"fnMap":{"0":{"name":"getLocalStrategy","decl":{"start":{"line":22,"column":9},"end":{"line":22,"column":25}},"loc":{"start":{"line":22,"column":28},"end":{"line":37,"column":1}},"line":22},"1":{"name":"(anonymous_1)","decl":{"start":{"line":23,"column":27},"end":{"line":23,"column":28}},"loc":{"start":{"line":23,"column":63},"end":{"line":36,"column":3}},"line":23},"2":{"name":"(anonymous_2)","decl":{"start":{"line":26,"column":32},"end":{"line":26,"column":33}},"loc":{"start":{"line":26,"column":37},"end":{"line":26,"column":60}},"line":26},"3":{"name":"userToJSON","decl":{"start":{"line":39,"column":9},"end":{"line":39,"column":19}},"loc":{"start":{"line":39,"column":26},"end":{"line":41,"column":1}},"line":39},"4":{"name":"isPasswordAllowed","decl":{"start":{"line":43,"column":9},"end":{"line":43,"column":26}},"loc":{"start":{"line":43,"column":37},"end":{"line":45,"column":1}},"line":43}},"branchMap":{"0":{"loc":{"start":{"line":30,"column":4},"end":{"line":34,"column":5}},"type":"if","locations":[{"start":{"line":30,"column":4},"end":{"line":34,"column":5}},{"start":{"line":30,"column":4},"end":{"line":34,"column":5}}],"line":30},"1":{"loc":{"start":{"line":30,"column":8},"end":{"line":30,"column":49}},"type":"binary-expr","locations":[{"start":{"line":30,"column":8},"end":{"line":30,"column":13}},{"start":{"line":30,"column":17},"end":{"line":30,"column":49}}],"line":30},"2":{"loc":{"start":{"line":44,"column":9},"end":{"line":44,"column":74}},"type":"binary-expr","locations":[{"start":{"line":44,"column":9},"end":{"line":44,"column":28}},{"start":{"line":44,"column":32},"end":{"line":44,"column":51}},{"start":{"line":44,"column":55},"end":{"line":44,"column":74}}],"line":44}},"s":{"0":9,"1":4,"2":2,"3":2,"4":23,"5":0,"6":2,"7":1,"8":1,"9":45,"10":0},"f":{"0":4,"1":2,"2":23,"3":45,"4":0},"b":{"0":[1,1],"1":[2,1],"2":[0,0,0]},"_coverageSchema":"332fd63041d2c1bcb487cc26dd0d5f7d97098a6c","hash":"2c33515e2cb721417eeb82181b9a75311bc285dc"}
,"/home/oscles/Desktop/testing-workshop/server/src/utils/db.js": {"path":"/home/oscles/Desktop/testing-workshop/server/src/utils/db.js","statementMap":{"0":{"start":{"line":3,"column":11},"end":{"line":18,"column":1}},"1":{"start":{"line":21,"column":18},"end":{"line":24,"column":3}},"2":{"start":{"line":25,"column":2},"end":{"line":25,"column":24}},"3":{"start":{"line":26,"column":2},"end":{"line":26,"column":16}},"4":{"start":{"line":30,"column":2},"end":{"line":30,"column":57}},"5":{"start":{"line":34,"column":2},"end":{"line":34,"column":46}},"6":{"start":{"line":34,"column":30},"end":{"line":34,"column":41}},"7":{"start":{"line":38,"column":15},"end":{"line":38,"column":32}},"8":{"start":{"line":41,"column":29},"end":{"line":41,"column":61}},"9":{"start":{"line":42,"column":2},"end":{"line":42,"column":55}},"10":{"start":{"line":43,"column":2},"end":{"line":43,"column":27}},"11":{"start":{"line":47,"column":15},"end":{"line":47,"column":32}},"12":{"start":{"line":48,"column":2},"end":{"line":48,"column":46}},"13":{"start":{"line":48,"column":34},"end":{"line":48,"column":45}},"14":{"start":{"line":49,"column":2},"end":{"line":49,"column":13}},"15":{"start":{"line":53,"column":18},"end":{"line":56,"column":3}},"16":{"start":{"line":57,"column":2},"end":{"line":57,"column":24}},"17":{"start":{"line":58,"column":2},"end":{"line":58,"column":16}},"18":{"start":{"line":62,"column":2},"end":{"line":62,"column":57}},"19":{"start":{"line":66,"column":2},"end":{"line":66,"column":46}},"20":{"start":{"line":66,"column":30},"end":{"line":66,"column":41}},"21":{"start":{"line":70,"column":15},"end":{"line":70,"column":32}},"22":{"start":{"line":73,"column":29},"end":{"line":73,"column":61}},"23":{"start":{"line":74,"column":2},"end":{"line":74,"column":55}},"24":{"start":{"line":75,"column":2},"end":{"line":75,"column":27}},"25":{"start":{"line":79,"column":15},"end":{"line":79,"column":32}},"26":{"start":{"line":80,"column":2},"end":{"line":80,"column":46}},"27":{"start":{"line":80,"column":34},"end":{"line":80,"column":45}},"28":{"start":{"line":81,"column":2},"end":{"line":81,"column":13}}},"fnMap":{"0":{"name":"insertUser","decl":{"start":{"line":20,"column":15},"end":{"line":20,"column":25}},"loc":{"start":{"line":20,"column":32},"end":{"line":27,"column":1}},"line":20},"1":{"name":"getUsers","decl":{"start":{"line":29,"column":15},"end":{"line":29,"column":23}},"loc":{"start":{"line":29,"column":32},"end":{"line":31,"column":1}},"line":29},"2":{"name":"getUser","decl":{"start":{"line":33,"column":15},"end":{"line":33,"column":22}},"loc":{"start":{"line":33,"column":27},"end":{"line":35,"column":1}},"line":33},"3":{"name":"(anonymous_3)","decl":{"start":{"line":34,"column":25},"end":{"line":34,"column":26}},"loc":{"start":{"line":34,"column":30},"end":{"line":34,"column":41}},"line":34},"4":{"name":"updateUser","decl":{"start":{"line":37,"column":15},"end":{"line":37,"column":25}},"loc":{"start":{"line":37,"column":39},"end":{"line":44,"column":1}},"line":37},"5":{"name":"deleteUser","decl":{"start":{"line":46,"column":15},"end":{"line":46,"column":25}},"loc":{"start":{"line":46,"column":30},"end":{"line":50,"column":1}},"line":46},"6":{"name":"(anonymous_6)","decl":{"start":{"line":48,"column":29},"end":{"line":48,"column":30}},"loc":{"start":{"line":48,"column":34},"end":{"line":48,"column":45}},"line":48},"7":{"name":"insertPost","decl":{"start":{"line":52,"column":15},"end":{"line":52,"column":25}},"loc":{"start":{"line":52,"column":32},"end":{"line":59,"column":1}},"line":52},"8":{"name":"getPosts","decl":{"start":{"line":61,"column":15},"end":{"line":61,"column":23}},"loc":{"start":{"line":61,"column":32},"end":{"line":63,"column":1}},"line":61},"9":{"name":"getPost","decl":{"start":{"line":65,"column":15},"end":{"line":65,"column":22}},"loc":{"start":{"line":65,"column":27},"end":{"line":67,"column":1}},"line":65},"10":{"name":"(anonymous_10)","decl":{"start":{"line":66,"column":25},"end":{"line":66,"column":26}},"loc":{"start":{"line":66,"column":30},"end":{"line":66,"column":41}},"line":66},"11":{"name":"updatePost","decl":{"start":{"line":69,"column":15},"end":{"line":69,"column":25}},"loc":{"start":{"line":69,"column":39},"end":{"line":76,"column":1}},"line":69},"12":{"name":"deletePost","decl":{"start":{"line":78,"column":15},"end":{"line":78,"column":25}},"loc":{"start":{"line":78,"column":30},"end":{"line":82,"column":1}},"line":78},"13":{"name":"(anonymous_13)","decl":{"start":{"line":80,"column":29},"end":{"line":80,"column":30}},"loc":{"start":{"line":80,"column":34},"end":{"line":80,"column":45}},"line":80}},"branchMap":{"0":{"loc":{"start":{"line":30,"column":9},"end":{"line":30,"column":57}},"type":"cond-expr","locations":[{"start":{"line":30,"column":18},"end":{"line":30,"column":41}},{"start":{"line":30,"column":44},"end":{"line":30,"column":57}}],"line":30},"1":{"loc":{"start":{"line":62,"column":9},"end":{"line":62,"column":57}},"type":"cond-expr","locations":[{"start":{"line":62,"column":18},"end":{"line":62,"column":41}},{"start":{"line":62,"column":44},"end":{"line":62,"column":57}}],"line":62}},"s":{"0":13,"1":16,"2":16,"3":16,"4":52,"5":36,"6":365,"7":5,"8":5,"9":5,"10":5,"11":7,"12":7,"13":56,"14":7,"15":7,"16":7,"17":7,"18":31,"19":27,"20":287,"21":3,"22":3,"23":3,"24":3,"25":3,"26":3,"27":32,"28":3},"f":{"0":16,"1":52,"2":36,"3":365,"4":5,"5":7,"6":56,"7":7,"8":31,"9":27,"10":287,"11":3,"12":3,"13":32},"b":{"0":[48,4],"1":[28,3]},"_coverageSchema":"332fd63041d2c1bcb487cc26dd0d5f7d97098a6c","hash":"6d7d984e682da4d1547594e839f617856058e736"}
,"/home/oscles/Desktop/testing-workshop/server/src/utils/gist.js": {"path":"/home/oscles/Desktop/testing-workshop/server/src/utils/gist.js","statementMap":{"0":{"start":{"line":4,"column":19},"end":{"line":4,"column":73}},"1":{"start":{"line":5,"column":2},"end":{"line":5,"column":22}}},"fnMap":{"0":{"name":"createGist","decl":{"start":{"line":3,"column":15},"end":{"line":3,"column":25}},"loc":{"start":{"line":3,"column":32},"end":{"line":6,"column":1}},"line":3}},"branchMap":{},"s":{"0":1,"1":1},"f":{"0":1},"b":{},"_coverageSchema":"332fd63041d2c1bcb487cc26dd0d5f7d97098a6c","hash":"f3816147c679151c2ccb46deecc5daace1534a63"}
,"/home/oscles/Desktop/testing-workshop/server/src/utils/myjson.js": {"path":"/home/oscles/Desktop/testing-workshop/server/src/utils/myjson.js","statementMap":{"0":{"start":{"line":4,"column":19},"end":{"line":4,"column":72}},"1":{"start":{"line":5,"column":2},"end":{"line":5,"column":22}}},"fnMap":{"0":{"name":"createJSON","decl":{"start":{"line":3,"column":15},"end":{"line":3,"column":25}},"loc":{"start":{"line":3,"column":32},"end":{"line":6,"column":1}},"line":3}},"branchMap":{},"s":{"0":1,"1":1},"f":{"0":1},"b":{},"_coverageSchema":"332fd63041d2c1bcb487cc26dd0d5f7d97098a6c","hash":"3ede3dd56a0a3511c1cfb8841c7241803e385051"}
}
